Error: get `/editor/doc/drafts/:href`: `middleware` must be a function, not `undefined`
    at Layer.<anonymous> (F:\ycsoft_koa_new\node_modules\koa-router\lib\layer.js:39:13)
    at Array.forEach (<anonymous>)
    at new Layer (F:\ycsoft_koa_new\node_modules\koa-router\lib\layer.js:36:14)
    at Router.register (F:\ycsoft_koa_new\node_modules\koa-router\lib\router.js:553:15)
    at Router.<computed> [as get] (F:\ycsoft_koa_new\node_modules\koa-router\lib\router.js:202:10)
    at module.exports (F:\ycsoft_koa_new\middlewares\router.js:28:12)
    at Object.<anonymous> (F:\ycsoft_koa_new\app.js:58:1)
    at Module._compile (internal/modules/cjs/loader.js:959:30)
    at Object.Module._extensions..js (internal/modules/cjs/loader.js:995:10)
    at Module.load (internal/modules/cjs/loader.js:815:32)
    at Function.Module._load (internal/modules/cjs/loader.js:727:14)
    at Module.require (internal/modules/cjs/loader.js:852:19)
    at Module.Hook._require.Module.require (C:\Users\Administrator\AppData\Roaming\npm\node_modules\pm2\node_modules\require-in-the-middle\index.js:70:39)
    at require (internal/modules/cjs/helpers.js:74:18)
    at Object.<anonymous> (F:\ycsoft_koa_new\bin\www:7:11)
    at Module._compile (internal/modules/cjs/loader.js:959:30)
Error: get `/editor/doc/drafts/:href`: `middleware` must be a function, not `undefined`
    at Layer.<anonymous> (F:\ycsoft_koa_new\node_modules\koa-router\lib\layer.js:39:13)
    at Array.forEach (<anonymous>)
    at new Layer (F:\ycsoft_koa_new\node_modules\koa-router\lib\layer.js:36:14)
    at Router.register (F:\ycsoft_koa_new\node_modules\koa-router\lib\router.js:553:15)
    at Router.<computed> [as get] (F:\ycsoft_koa_new\node_modules\koa-router\lib\router.js:202:10)
    at module.exports (F:\ycsoft_koa_new\middlewares\router.js:28:12)
    at Object.<anonymous> (F:\ycsoft_koa_new\app.js:58:1)
    at Module._compile (internal/modules/cjs/loader.js:959:30)
    at Object.Module._extensions..js (internal/modules/cjs/loader.js:995:10)
    at Module.load (internal/modules/cjs/loader.js:815:32)
    at Function.Module._load (internal/modules/cjs/loader.js:727:14)
    at Module.require (internal/modules/cjs/loader.js:852:19)
    at Module.Hook._require.Module.require (C:\Users\Administrator\AppData\Roaming\npm\node_modules\pm2\node_modules\require-in-the-middle\index.js:70:39)
    at require (internal/modules/cjs/helpers.js:74:18)
    at Object.<anonymous> (F:\ycsoft_koa_new\bin\www:7:11)
    at Module._compile (internal/modules/cjs/loader.js:959:30)
Error: get `/editor/doc/drafts/:href`: `middleware` must be a function, not `undefined`
    at Layer.<anonymous> (F:\ycsoft_koa_new\node_modules\koa-router\lib\layer.js:39:13)
    at Array.forEach (<anonymous>)
    at new Layer (F:\ycsoft_koa_new\node_modules\koa-router\lib\layer.js:36:14)
    at Router.register (F:\ycsoft_koa_new\node_modules\koa-router\lib\router.js:553:15)
    at Router.<computed> [as get] (F:\ycsoft_koa_new\node_modules\koa-router\lib\router.js:202:10)
    at module.exports (F:\ycsoft_koa_new\middlewares\router.js:28:12)
    at Object.<anonymous> (F:\ycsoft_koa_new\app.js:58:1)
    at Module._compile (internal/modules/cjs/loader.js:959:30)
    at Object.Module._extensions..js (internal/modules/cjs/loader.js:995:10)
    at Module.load (internal/modules/cjs/loader.js:815:32)
    at Function.Module._load (internal/modules/cjs/loader.js:727:14)
    at Module.require (internal/modules/cjs/loader.js:852:19)
    at Module.Hook._require.Module.require (C:\Users\Administrator\AppData\Roaming\npm\node_modules\pm2\node_modules\require-in-the-middle\index.js:70:39)
    at require (internal/modules/cjs/helpers.js:74:18)
    at Object.<anonymous> (F:\ycsoft_koa_new\bin\www:7:11)
    at Module._compile (internal/modules/cjs/loader.js:959:30)
Error: get `/editor/doc/drafts/:href`: `middleware` must be a function, not `undefined`
    at Layer.<anonymous> (F:\ycsoft_koa_new\node_modules\koa-router\lib\layer.js:39:13)
    at Array.forEach (<anonymous>)
    at new Layer (F:\ycsoft_koa_new\node_modules\koa-router\lib\layer.js:36:14)
    at Router.register (F:\ycsoft_koa_new\node_modules\koa-router\lib\router.js:553:15)
    at Router.<computed> [as get] (F:\ycsoft_koa_new\node_modules\koa-router\lib\router.js:202:10)
    at module.exports (F:\ycsoft_koa_new\middlewares\router.js:28:12)
    at Object.<anonymous> (F:\ycsoft_koa_new\app.js:58:1)
    at Module._compile (internal/modules/cjs/loader.js:959:30)
    at Object.Module._extensions..js (internal/modules/cjs/loader.js:995:10)
    at Module.load (internal/modules/cjs/loader.js:815:32)
    at Function.Module._load (internal/modules/cjs/loader.js:727:14)
    at Module.require (internal/modules/cjs/loader.js:852:19)
    at Module.Hook._require.Module.require (C:\Users\Administrator\AppData\Roaming\npm\node_modules\pm2\node_modules\require-in-the-middle\index.js:70:39)
    at require (internal/modules/cjs/helpers.js:74:18)
    at Object.<anonymous> (F:\ycsoft_koa_new\bin\www:7:11)
    at Module._compile (internal/modules/cjs/loader.js:959:30)
Error: get `/editor/doc/drafts/:href`: `middleware` must be a function, not `undefined`
    at Layer.<anonymous> (F:\ycsoft_koa_new\node_modules\koa-router\lib\layer.js:39:13)
    at Array.forEach (<anonymous>)
    at new Layer (F:\ycsoft_koa_new\node_modules\koa-router\lib\layer.js:36:14)
    at Router.register (F:\ycsoft_koa_new\node_modules\koa-router\lib\router.js:553:15)
    at Router.<computed> [as get] (F:\ycsoft_koa_new\node_modules\koa-router\lib\router.js:202:10)
    at module.exports (F:\ycsoft_koa_new\middlewares\router.js:28:12)
    at Object.<anonymous> (F:\ycsoft_koa_new\app.js:58:1)
    at Module._compile (internal/modules/cjs/loader.js:959:30)
    at Object.Module._extensions..js (internal/modules/cjs/loader.js:995:10)
    at Module.load (internal/modules/cjs/loader.js:815:32)
    at Function.Module._load (internal/modules/cjs/loader.js:727:14)
    at Module.require (internal/modules/cjs/loader.js:852:19)
    at Module.Hook._require.Module.require (C:\Users\Administrator\AppData\Roaming\npm\node_modules\pm2\node_modules\require-in-the-middle\index.js:70:39)
    at require (internal/modules/cjs/helpers.js:74:18)
    at Object.<anonymous> (F:\ycsoft_koa_new\bin\www:7:11)
    at Module._compile (internal/modules/cjs/loader.js:959:30)
Error: get `/editor/doc/drafts/:href`: `middleware` must be a function, not `undefined`
    at Layer.<anonymous> (F:\ycsoft_koa_new\node_modules\koa-router\lib\layer.js:39:13)
    at Array.forEach (<anonymous>)
    at new Layer (F:\ycsoft_koa_new\node_modules\koa-router\lib\layer.js:36:14)
    at Router.register (F:\ycsoft_koa_new\node_modules\koa-router\lib\router.js:553:15)
    at Router.<computed> [as get] (F:\ycsoft_koa_new\node_modules\koa-router\lib\router.js:202:10)
    at module.exports (F:\ycsoft_koa_new\middlewares\router.js:28:12)
    at Object.<anonymous> (F:\ycsoft_koa_new\app.js:58:1)
    at Module._compile (internal/modules/cjs/loader.js:959:30)
    at Object.Module._extensions..js (internal/modules/cjs/loader.js:995:10)
    at Module.load (internal/modules/cjs/loader.js:815:32)
    at Function.Module._load (internal/modules/cjs/loader.js:727:14)
    at Module.require (internal/modules/cjs/loader.js:852:19)
    at Module.Hook._require.Module.require (C:\Users\Administrator\AppData\Roaming\npm\node_modules\pm2\node_modules\require-in-the-middle\index.js:70:39)
    at require (internal/modules/cjs/helpers.js:74:18)
    at Object.<anonymous> (F:\ycsoft_koa_new\bin\www:7:11)
    at Module._compile (internal/modules/cjs/loader.js:959:30)
Error: get `/editor/doc/drafts/:href`: `middleware` must be a function, not `undefined`
    at Layer.<anonymous> (F:\ycsoft_koa_new\node_modules\koa-router\lib\layer.js:39:13)
    at Array.forEach (<anonymous>)
    at new Layer (F:\ycsoft_koa_new\node_modules\koa-router\lib\layer.js:36:14)
    at Router.register (F:\ycsoft_koa_new\node_modules\koa-router\lib\router.js:553:15)
    at Router.<computed> [as get] (F:\ycsoft_koa_new\node_modules\koa-router\lib\router.js:202:10)
    at module.exports (F:\ycsoft_koa_new\middlewares\router.js:28:12)
    at Object.<anonymous> (F:\ycsoft_koa_new\app.js:58:1)
    at Module._compile (internal/modules/cjs/loader.js:959:30)
    at Object.Module._extensions..js (internal/modules/cjs/loader.js:995:10)
    at Module.load (internal/modules/cjs/loader.js:815:32)
    at Function.Module._load (internal/modules/cjs/loader.js:727:14)
    at Module.require (internal/modules/cjs/loader.js:852:19)
    at Module.Hook._require.Module.require (C:\Users\Administrator\AppData\Roaming\npm\node_modules\pm2\node_modules\require-in-the-middle\index.js:70:39)
    at require (internal/modules/cjs/helpers.js:74:18)
    at Object.<anonymous> (F:\ycsoft_koa_new\bin\www:7:11)
    at Module._compile (internal/modules/cjs/loader.js:959:30)
Error: get `/editor/doc/drafts/:href`: `middleware` must be a function, not `undefined`
    at Layer.<anonymous> (F:\ycsoft_koa_new\node_modules\koa-router\lib\layer.js:39:13)
    at Array.forEach (<anonymous>)
    at new Layer (F:\ycsoft_koa_new\node_modules\koa-router\lib\layer.js:36:14)
    at Router.register (F:\ycsoft_koa_new\node_modules\koa-router\lib\router.js:553:15)
    at Router.<computed> [as get] (F:\ycsoft_koa_new\node_modules\koa-router\lib\router.js:202:10)
    at module.exports (F:\ycsoft_koa_new\middlewares\router.js:28:12)
    at Object.<anonymous> (F:\ycsoft_koa_new\app.js:58:1)
    at Module._compile (internal/modules/cjs/loader.js:959:30)
    at Object.Module._extensions..js (internal/modules/cjs/loader.js:995:10)
    at Module.load (internal/modules/cjs/loader.js:815:32)
    at Function.Module._load (internal/modules/cjs/loader.js:727:14)
    at Module.require (internal/modules/cjs/loader.js:852:19)
    at Module.Hook._require.Module.require (C:\Users\Administrator\AppData\Roaming\npm\node_modules\pm2\node_modules\require-in-the-middle\index.js:70:39)
    at require (internal/modules/cjs/helpers.js:74:18)
    at Object.<anonymous> (F:\ycsoft_koa_new\bin\www:7:11)
    at Module._compile (internal/modules/cjs/loader.js:959:30)
Error: get `/editor/doc/drafts/:href`: `middleware` must be a function, not `undefined`
    at Layer.<anonymous> (F:\ycsoft_koa_new\node_modules\koa-router\lib\layer.js:39:13)
    at Array.forEach (<anonymous>)
    at new Layer (F:\ycsoft_koa_new\node_modules\koa-router\lib\layer.js:36:14)
    at Router.register (F:\ycsoft_koa_new\node_modules\koa-router\lib\router.js:553:15)
    at Router.<computed> [as get] (F:\ycsoft_koa_new\node_modules\koa-router\lib\router.js:202:10)
    at module.exports (F:\ycsoft_koa_new\middlewares\router.js:28:12)
    at Object.<anonymous> (F:\ycsoft_koa_new\app.js:58:1)
    at Module._compile (internal/modules/cjs/loader.js:959:30)
    at Object.Module._extensions..js (internal/modules/cjs/loader.js:995:10)
    at Module.load (internal/modules/cjs/loader.js:815:32)
    at Function.Module._load (internal/modules/cjs/loader.js:727:14)
    at Module.require (internal/modules/cjs/loader.js:852:19)
    at Module.Hook._require.Module.require (C:\Users\Administrator\AppData\Roaming\npm\node_modules\pm2\node_modules\require-in-the-middle\index.js:70:39)
    at require (internal/modules/cjs/helpers.js:74:18)
    at Object.<anonymous> (F:\ycsoft_koa_new\bin\www:7:11)
    at Module._compile (internal/modules/cjs/loader.js:959:30)
Error: get `/editor/doc/drafts/:href`: `middleware` must be a function, not `undefined`
    at Layer.<anonymous> (F:\ycsoft_koa_new\node_modules\koa-router\lib\layer.js:39:13)
    at Array.forEach (<anonymous>)
    at new Layer (F:\ycsoft_koa_new\node_modules\koa-router\lib\layer.js:36:14)
    at Router.register (F:\ycsoft_koa_new\node_modules\koa-router\lib\router.js:553:15)
    at Router.<computed> [as get] (F:\ycsoft_koa_new\node_modules\koa-router\lib\router.js:202:10)
    at module.exports (F:\ycsoft_koa_new\middlewares\router.js:28:12)
    at Object.<anonymous> (F:\ycsoft_koa_new\app.js:58:1)
    at Module._compile (internal/modules/cjs/loader.js:959:30)
    at Object.Module._extensions..js (internal/modules/cjs/loader.js:995:10)
    at Module.load (internal/modules/cjs/loader.js:815:32)
    at Function.Module._load (internal/modules/cjs/loader.js:727:14)
    at Module.require (internal/modules/cjs/loader.js:852:19)
    at Module.Hook._require.Module.require (C:\Users\Administrator\AppData\Roaming\npm\node_modules\pm2\node_modules\require-in-the-middle\index.js:70:39)
    at require (internal/modules/cjs/helpers.js:74:18)
    at Object.<anonymous> (F:\ycsoft_koa_new\bin\www:7:11)
    at Module._compile (internal/modules/cjs/loader.js:959:30)
Error: get `/editor/doc/drafts/:href`: `middleware` must be a function, not `undefined`
    at Layer.<anonymous> (F:\ycsoft_koa_new\node_modules\koa-router\lib\layer.js:39:13)
    at Array.forEach (<anonymous>)
    at new Layer (F:\ycsoft_koa_new\node_modules\koa-router\lib\layer.js:36:14)
    at Router.register (F:\ycsoft_koa_new\node_modules\koa-router\lib\router.js:553:15)
    at Router.<computed> [as get] (F:\ycsoft_koa_new\node_modules\koa-router\lib\router.js:202:10)
    at module.exports (F:\ycsoft_koa_new\middlewares\router.js:28:12)
    at Object.<anonymous> (F:\ycsoft_koa_new\app.js:58:1)
    at Module._compile (internal/modules/cjs/loader.js:959:30)
    at Object.Module._extensions..js (internal/modules/cjs/loader.js:995:10)
    at Module.load (internal/modules/cjs/loader.js:815:32)
    at Function.Module._load (internal/modules/cjs/loader.js:727:14)
    at Module.require (internal/modules/cjs/loader.js:852:19)
    at Module.Hook._require.Module.require (C:\Users\Administrator\AppData\Roaming\npm\node_modules\pm2\node_modules\require-in-the-middle\index.js:70:39)
    at require (internal/modules/cjs/helpers.js:74:18)
    at Object.<anonymous> (F:\ycsoft_koa_new\bin\www:7:11)
    at Module._compile (internal/modules/cjs/loader.js:959:30)
Error: get `/editor/doc/drafts/:href`: `middleware` must be a function, not `undefined`
    at Layer.<anonymous> (F:\ycsoft_koa_new\node_modules\koa-router\lib\layer.js:39:13)
    at Array.forEach (<anonymous>)
    at new Layer (F:\ycsoft_koa_new\node_modules\koa-router\lib\layer.js:36:14)
    at Router.register (F:\ycsoft_koa_new\node_modules\koa-router\lib\router.js:553:15)
    at Router.<computed> [as get] (F:\ycsoft_koa_new\node_modules\koa-router\lib\router.js:202:10)
    at module.exports (F:\ycsoft_koa_new\middlewares\router.js:28:12)
    at Object.<anonymous> (F:\ycsoft_koa_new\app.js:58:1)
    at Module._compile (internal/modules/cjs/loader.js:959:30)
    at Object.Module._extensions..js (internal/modules/cjs/loader.js:995:10)
    at Module.load (internal/modules/cjs/loader.js:815:32)
    at Function.Module._load (internal/modules/cjs/loader.js:727:14)
    at Module.require (internal/modules/cjs/loader.js:852:19)
    at Module.Hook._require.Module.require (C:\Users\Administrator\AppData\Roaming\npm\node_modules\pm2\node_modules\require-in-the-middle\index.js:70:39)
    at require (internal/modules/cjs/helpers.js:74:18)
    at Object.<anonymous> (F:\ycsoft_koa_new\bin\www:7:11)
    at Module._compile (internal/modules/cjs/loader.js:959:30)
Error: get `/editor/doc/drafts/:href`: `middleware` must be a function, not `undefined`
    at Layer.<anonymous> (F:\ycsoft_koa_new\node_modules\koa-router\lib\layer.js:39:13)
    at Array.forEach (<anonymous>)
    at new Layer (F:\ycsoft_koa_new\node_modules\koa-router\lib\layer.js:36:14)
    at Router.register (F:\ycsoft_koa_new\node_modules\koa-router\lib\router.js:553:15)
    at Router.<computed> [as get] (F:\ycsoft_koa_new\node_modules\koa-router\lib\router.js:202:10)
    at module.exports (F:\ycsoft_koa_new\middlewares\router.js:28:12)
    at Object.<anonymous> (F:\ycsoft_koa_new\app.js:58:1)
    at Module._compile (internal/modules/cjs/loader.js:959:30)
    at Object.Module._extensions..js (internal/modules/cjs/loader.js:995:10)
    at Module.load (internal/modules/cjs/loader.js:815:32)
    at Function.Module._load (internal/modules/cjs/loader.js:727:14)
    at Module.require (internal/modules/cjs/loader.js:852:19)
    at Module.Hook._require.Module.require (C:\Users\Administrator\AppData\Roaming\npm\node_modules\pm2\node_modules\require-in-the-middle\index.js:70:39)
    at require (internal/modules/cjs/helpers.js:74:18)
    at Object.<anonymous> (F:\ycsoft_koa_new\bin\www:7:11)
    at Module._compile (internal/modules/cjs/loader.js:959:30)
Error: get `/editor/doc/drafts/:href`: `middleware` must be a function, not `undefined`
    at Layer.<anonymous> (F:\ycsoft_koa_new\node_modules\koa-router\lib\layer.js:39:13)
    at Array.forEach (<anonymous>)
    at new Layer (F:\ycsoft_koa_new\node_modules\koa-router\lib\layer.js:36:14)
    at Router.register (F:\ycsoft_koa_new\node_modules\koa-router\lib\router.js:553:15)
    at Router.<computed> [as get] (F:\ycsoft_koa_new\node_modules\koa-router\lib\router.js:202:10)
    at module.exports (F:\ycsoft_koa_new\middlewares\router.js:28:12)
    at Object.<anonymous> (F:\ycsoft_koa_new\app.js:58:1)
    at Module._compile (internal/modules/cjs/loader.js:959:30)
    at Object.Module._extensions..js (internal/modules/cjs/loader.js:995:10)
    at Module.load (internal/modules/cjs/loader.js:815:32)
    at Function.Module._load (internal/modules/cjs/loader.js:727:14)
    at Module.require (internal/modules/cjs/loader.js:852:19)
    at Module.Hook._require.Module.require (C:\Users\Administrator\AppData\Roaming\npm\node_modules\pm2\node_modules\require-in-the-middle\index.js:70:39)
    at require (internal/modules/cjs/helpers.js:74:18)
    at Object.<anonymous> (F:\ycsoft_koa_new\bin\www:7:11)
    at Module._compile (internal/modules/cjs/loader.js:959:30)
Error: get `/editor/doc/drafts/:href`: `middleware` must be a function, not `undefined`
    at Layer.<anonymous> (F:\ycsoft_koa_new\node_modules\koa-router\lib\layer.js:39:13)
    at Array.forEach (<anonymous>)
    at new Layer (F:\ycsoft_koa_new\node_modules\koa-router\lib\layer.js:36:14)
    at Router.register (F:\ycsoft_koa_new\node_modules\koa-router\lib\router.js:553:15)
    at Router.<computed> [as get] (F:\ycsoft_koa_new\node_modules\koa-router\lib\router.js:202:10)
    at module.exports (F:\ycsoft_koa_new\middlewares\router.js:28:12)
    at Object.<anonymous> (F:\ycsoft_koa_new\app.js:58:1)
    at Module._compile (internal/modules/cjs/loader.js:959:30)
    at Object.Module._extensions..js (internal/modules/cjs/loader.js:995:10)
    at Module.load (internal/modules/cjs/loader.js:815:32)
    at Function.Module._load (internal/modules/cjs/loader.js:727:14)
    at Module.require (internal/modules/cjs/loader.js:852:19)
    at Module.Hook._require.Module.require (C:\Users\Administrator\AppData\Roaming\npm\node_modules\pm2\node_modules\require-in-the-middle\index.js:70:39)
    at require (internal/modules/cjs/helpers.js:74:18)
    at Object.<anonymous> (F:\ycsoft_koa_new\bin\www:7:11)
    at Module._compile (internal/modules/cjs/loader.js:959:30)
Error: get `/editor/doc/drafts/:href`: `middleware` must be a function, not `undefined`
    at Layer.<anonymous> (F:\ycsoft_koa_new\node_modules\koa-router\lib\layer.js:39:13)
    at Array.forEach (<anonymous>)
    at new Layer (F:\ycsoft_koa_new\node_modules\koa-router\lib\layer.js:36:14)
    at Router.register (F:\ycsoft_koa_new\node_modules\koa-router\lib\router.js:553:15)
    at Router.<computed> [as get] (F:\ycsoft_koa_new\node_modules\koa-router\lib\router.js:202:10)
    at module.exports (F:\ycsoft_koa_new\middlewares\router.js:28:12)
    at Object.<anonymous> (F:\ycsoft_koa_new\app.js:58:1)
    at Module._compile (internal/modules/cjs/loader.js:959:30)
    at Object.Module._extensions..js (internal/modules/cjs/loader.js:995:10)
    at Module.load (internal/modules/cjs/loader.js:815:32)
    at Function.Module._load (internal/modules/cjs/loader.js:727:14)
    at Module.require (internal/modules/cjs/loader.js:852:19)
    at Module.Hook._require.Module.require (C:\Users\Administrator\AppData\Roaming\npm\node_modules\pm2\node_modules\require-in-the-middle\index.js:70:39)
    at require (internal/modules/cjs/helpers.js:74:18)
    at Object.<anonymous> (F:\ycsoft_koa_new\bin\www:7:11)
    at Module._compile (internal/modules/cjs/loader.js:959:30)
Error: get `/editor/doc/drafts/:href`: `middleware` must be a function, not `undefined`
    at Layer.<anonymous> (F:\ycsoft_koa_new\node_modules\koa-router\lib\layer.js:39:13)
    at Array.forEach (<anonymous>)
    at new Layer (F:\ycsoft_koa_new\node_modules\koa-router\lib\layer.js:36:14)
    at Router.register (F:\ycsoft_koa_new\node_modules\koa-router\lib\router.js:553:15)
    at Router.<computed> [as get] (F:\ycsoft_koa_new\node_modules\koa-router\lib\router.js:202:10)
    at module.exports (F:\ycsoft_koa_new\middlewares\router.js:28:12)
    at Object.<anonymous> (F:\ycsoft_koa_new\app.js:58:1)
    at Module._compile (internal/modules/cjs/loader.js:959:30)
    at Object.Module._extensions..js (internal/modules/cjs/loader.js:995:10)
    at Module.load (internal/modules/cjs/loader.js:815:32)
    at Function.Module._load (internal/modules/cjs/loader.js:727:14)
    at Module.require (internal/modules/cjs/loader.js:852:19)
    at Module.Hook._require.Module.require (C:\Users\Administrator\AppData\Roaming\npm\node_modules\pm2\node_modules\require-in-the-middle\index.js:70:39)
    at require (internal/modules/cjs/helpers.js:74:18)
    at Object.<anonymous> (F:\ycsoft_koa_new\bin\www:7:11)
    at Module._compile (internal/modules/cjs/loader.js:959:30)
Error: get `/editor/doc/drafts/:href`: `middleware` must be a function, not `undefined`
    at Layer.<anonymous> (F:\ycsoft_koa_new\node_modules\koa-router\lib\layer.js:39:13)
    at Array.forEach (<anonymous>)
    at new Layer (F:\ycsoft_koa_new\node_modules\koa-router\lib\layer.js:36:14)
    at Router.register (F:\ycsoft_koa_new\node_modules\koa-router\lib\router.js:553:15)
    at Router.<computed> [as get] (F:\ycsoft_koa_new\node_modules\koa-router\lib\router.js:202:10)
    at module.exports (F:\ycsoft_koa_new\middlewares\router.js:28:12)
    at Object.<anonymous> (F:\ycsoft_koa_new\app.js:58:1)
    at Module._compile (internal/modules/cjs/loader.js:959:30)
    at Object.Module._extensions..js (internal/modules/cjs/loader.js:995:10)
    at Module.load (internal/modules/cjs/loader.js:815:32)
    at Function.Module._load (internal/modules/cjs/loader.js:727:14)
    at Module.require (internal/modules/cjs/loader.js:852:19)
    at Module.Hook._require.Module.require (C:\Users\Administrator\AppData\Roaming\npm\node_modules\pm2\node_modules\require-in-the-middle\index.js:70:39)
    at require (internal/modules/cjs/helpers.js:74:18)
    at Object.<anonymous> (F:\ycsoft_koa_new\bin\www:7:11)
    at Module._compile (internal/modules/cjs/loader.js:959:30)
Error: get `/editor/doc/drafts/:href`: `middleware` must be a function, not `undefined`
    at Layer.<anonymous> (F:\ycsoft_koa_new\node_modules\koa-router\lib\layer.js:39:13)
    at Array.forEach (<anonymous>)
    at new Layer (F:\ycsoft_koa_new\node_modules\koa-router\lib\layer.js:36:14)
    at Router.register (F:\ycsoft_koa_new\node_modules\koa-router\lib\router.js:553:15)
    at Router.<computed> [as get] (F:\ycsoft_koa_new\node_modules\koa-router\lib\router.js:202:10)
    at module.exports (F:\ycsoft_koa_new\middlewares\router.js:28:12)
    at Object.<anonymous> (F:\ycsoft_koa_new\app.js:58:1)
    at Module._compile (internal/modules/cjs/loader.js:959:30)
    at Object.Module._extensions..js (internal/modules/cjs/loader.js:995:10)
    at Module.load (internal/modules/cjs/loader.js:815:32)
    at Function.Module._load (internal/modules/cjs/loader.js:727:14)
    at Module.require (internal/modules/cjs/loader.js:852:19)
    at Module.Hook._require.Module.require (C:\Users\Administrator\AppData\Roaming\npm\node_modules\pm2\node_modules\require-in-the-middle\index.js:70:39)
    at require (internal/modules/cjs/helpers.js:74:18)
    at Object.<anonymous> (F:\ycsoft_koa_new\bin\www:7:11)
    at Module._compile (internal/modules/cjs/loader.js:959:30)
Error: get `/editor/doc/drafts/:href`: `middleware` must be a function, not `undefined`
    at Layer.<anonymous> (F:\ycsoft_koa_new\node_modules\koa-router\lib\layer.js:39:13)
    at Array.forEach (<anonymous>)
    at new Layer (F:\ycsoft_koa_new\node_modules\koa-router\lib\layer.js:36:14)
    at Router.register (F:\ycsoft_koa_new\node_modules\koa-router\lib\router.js:553:15)
    at Router.<computed> [as get] (F:\ycsoft_koa_new\node_modules\koa-router\lib\router.js:202:10)
    at module.exports (F:\ycsoft_koa_new\middlewares\router.js:28:12)
    at Object.<anonymous> (F:\ycsoft_koa_new\app.js:58:1)
    at Module._compile (internal/modules/cjs/loader.js:959:30)
    at Object.Module._extensions..js (internal/modules/cjs/loader.js:995:10)
    at Module.load (internal/modules/cjs/loader.js:815:32)
    at Function.Module._load (internal/modules/cjs/loader.js:727:14)
    at Module.require (internal/modules/cjs/loader.js:852:19)
    at Module.Hook._require.Module.require (C:\Users\Administrator\AppData\Roaming\npm\node_modules\pm2\node_modules\require-in-the-middle\index.js:70:39)
    at require (internal/modules/cjs/helpers.js:74:18)
    at Object.<anonymous> (F:\ycsoft_koa_new\bin\www:7:11)
    at Module._compile (internal/modules/cjs/loader.js:959:30)
Error: get `/editor/doc/drafts/:href`: `middleware` must be a function, not `undefined`
    at Layer.<anonymous> (F:\ycsoft_koa_new\node_modules\koa-router\lib\layer.js:39:13)
    at Array.forEach (<anonymous>)
    at new Layer (F:\ycsoft_koa_new\node_modules\koa-router\lib\layer.js:36:14)
    at Router.register (F:\ycsoft_koa_new\node_modules\koa-router\lib\router.js:553:15)
    at Router.<computed> [as get] (F:\ycsoft_koa_new\node_modules\koa-router\lib\router.js:202:10)
    at module.exports (F:\ycsoft_koa_new\middlewares\router.js:28:12)
    at Object.<anonymous> (F:\ycsoft_koa_new\app.js:58:1)
    at Module._compile (internal/modules/cjs/loader.js:959:30)
    at Object.Module._extensions..js (internal/modules/cjs/loader.js:995:10)
    at Module.load (internal/modules/cjs/loader.js:815:32)
    at Function.Module._load (internal/modules/cjs/loader.js:727:14)
    at Module.require (internal/modules/cjs/loader.js:852:19)
    at Module.Hook._require.Module.require (C:\Users\Administrator\AppData\Roaming\npm\node_modules\pm2\node_modules\require-in-the-middle\index.js:70:39)
    at require (internal/modules/cjs/helpers.js:74:18)
    at Object.<anonymous> (F:\ycsoft_koa_new\bin\www:7:11)
    at Module._compile (internal/modules/cjs/loader.js:959:30)
server error Error: next() called multiple times
    at dispatch (F:\ycsoft_koa_new\node_modules\koa-router\node_modules\koa-compose\index.js:38:45)
    at next (F:\ycsoft_koa_new\node_modules\koa-router\node_modules\koa-compose\index.js:45:18)
    at editor (F:\ycsoft_koa_new\controler\home.js:95:15)
    at async F:\ycsoft_koa_new\app.js:46:3
    at async logger (F:\ycsoft_koa_new\node_modules\koa-logger\index.js:67:7)
    at async bodyParser (F:\ycsoft_koa_new\node_modules\koa-bodyparser\index.js:86:5)
    at async F:\ycsoft_koa_new\app.js:26:3 {
  request: {
    method: 'GET',
    url: '/editor.html',
    header: {
      host: 'localhost:3000',
      'user-agent': 'Mozilla/5.0 (Windows NT 6.1; WOW64; rv:68.0) Gecko/20100101 Firefox/68.0',
      accept: 'text/html,application/xhtml+xml,application/xml;q=0.9,*/*;q=0.8',
      'accept-language': 'zh-CN,zh;q=0.8,zh-TW;q=0.7,zh-HK;q=0.5,en-US;q=0.3,en;q=0.2',
      'accept-encoding': 'gzip, deflate',
      connection: 'keep-alive',
      'upgrade-insecure-requests': '1',
      'if-modified-since': 'Wed, 20 May 2020 07:32:53 GMT',
      'cache-control': 'max-age=0'
    }
  },
  response: {
    status: 200,
    message: 'OK',
    header: [Object: null prototype] {
      'access-control-allow-origin': 'http://localhost:8080',
      'access-control-allow-headers': 'Origin, X-Requested-With, Content-Type, Accept, accesstoken',
      'access-control-allow-credentials': 'true',
      'content-length': '245',
      'last-modified': 'Wed, 20 May 2020 06:43:58 GMT',
      'cache-control': 'max-age=0',
      'content-type': 'text/html; charset=utf-8'
    }
  },
  app: { subdomainOffset: 2, proxy: false, env: 'development' },
  originalUrl: '/editor/doc/drafts/new',
  req: '<original node req>',
  res: '<original node res>',
  socket: '<original node socket>'
}
