---------------------连接池连接数:------------------- 0
---------------------连接池连接数:------------------- 0
别问，问就验证没通过
result=================================>funck false
  <-- OPTIONS /users/uploadimg
OPTIONS /users/uploadimg - 0ms
  --> OPTIONS /users/uploadimg 200 14ms 0b
ok
result=================================>funck {
  username: '1',
  nickname: '柯涵',
  userId: '0192e830-1bbb-11e9-b9c9-cdaf3c9a2410',
  iat: 1588576344,
  exp: 1588749144,
  iss: 'YOUJUN'
}
  <-- POST /users/uploadimg
file IncomingMessage {
  _readableState: ReadableState {
    objectMode: false,
    highWaterMark: 16384,
    buffer: BufferList { head: [Object], tail: [Object], length: 1 },
    length: 22552,
    pipes: null,
    pipesCount: 0,
    flowing: null,
    ended: false,
    endEmitted: false,
    reading: false,
    sync: true,
    needReadable: false,
    emittedReadable: false,
    readableListening: false,
    resumeScheduled: false,
    paused: true,
    emitClose: true,
    autoDestroy: false,
    destroyed: false,
    defaultEncoding: 'utf8',
    awaitDrain: 0,
    readingMore: true,
    decoder: null,
    encoding: null
  },
  readable: true,
  _events: [Object: null prototype] {
    end: [Function: resetHeadersTimeoutOnReqEnd]
  },
  _eventsCount: 1,
  _maxListeners: undefined,
  socket: Socket {
    connecting: false,
    _hadError: false,
    _parent: null,
    _host: null,
    _readableState: ReadableState {
      objectMode: false,
      highWaterMark: 16384,
      buffer: BufferList { head: null, tail: null, length: 0 },
      length: 0,
      pipes: null,
      pipesCount: 0,
      flowing: false,
      ended: false,
      endEmitted: false,
      reading: true,
      sync: false,
      needReadable: true,
      emittedReadable: false,
      readableListening: false,
      resumeScheduled: false,
      paused: true,
      emitClose: false,
      autoDestroy: false,
      destroyed: false,
      defaultEncoding: 'utf8',
      awaitDrain: 0,
      readingMore: false,
      decoder: null,
      encoding: null
    },
    readable: true,
    _events: [Object: null prototype] {
      end: [Array],
      timeout: [Function: socketOnTimeout],
      data: [Function: bound socketOnData],
      error: [Array],
      close: [Array],
      drain: [Function: bound socketOnDrain],
      resume: [Function: onSocketResume],
      pause: [Function: onSocketPause]
    },
    _eventsCount: 8,
    _maxListeners: undefined,
    _writableState: WritableState {
      objectMode: false,
      highWaterMark: 16384,
      finalCalled: false,
      needDrain: false,
      ending: false,
      ended: false,
      finished: false,
      destroyed: false,
      decodeStrings: false,
      defaultEncoding: 'utf8',
      length: 0,
      writing: false,
      corked: 0,
      sync: false,
      bufferProcessing: false,
      onwrite: [Function: bound onwrite],
      writecb: null,
      writelen: 0,
      bufferedRequest: null,
      lastBufferedRequest: null,
      pendingcb: 0,
      prefinished: false,
      errorEmitted: false,
      emitClose: false,
      autoDestroy: false,
      bufferedRequestCount: 0,
      corkedRequestsFree: [Object]
    },
    writable: true,
    allowHalfOpen: true,
    _sockname: null,
    _pendingData: null,
    _pendingEncoding: '',
    server: Server {
      _events: [Object: null prototype],
      _eventsCount: 4,
      _maxListeners: undefined,
      _connections: 1,
      _handle: [TCP],
      _usingWorkers: false,
      _workers: [],
      _unref: false,
      allowHalfOpen: true,
      pauseOnConnect: false,
      httpAllowHalfOpen: false,
      timeout: 120000,
      keepAliveTimeout: 5000,
      maxHeadersCount: null,
      headersTimeout: 40000,
      _connectionKey: '6::::3000',
      [Symbol(IncomingMessage)]: [Function: IncomingMessage],
      [Symbol(ServerResponse)]: [Function: ServerResponse],
      [Symbol(asyncId)]: 26
    },
    _server: Server {
      _events: [Object: null prototype],
      _eventsCount: 4,
      _maxListeners: undefined,
      _connections: 1,
      _handle: [TCP],
      _usingWorkers: false,
      _workers: [],
      _unref: false,
      allowHalfOpen: true,
      pauseOnConnect: false,
      httpAllowHalfOpen: false,
      timeout: 120000,
      keepAliveTimeout: 5000,
      maxHeadersCount: null,
      headersTimeout: 40000,
      _connectionKey: '6::::3000',
      [Symbol(IncomingMessage)]: [Function: IncomingMessage],
      [Symbol(ServerResponse)]: [Function: ServerResponse],
      [Symbol(asyncId)]: 26
    },
    timeout: 120000,
    parser: HTTPParser {
      '0': [Function: parserOnHeaders],
      '1': [Function: parserOnHeadersComplete],
      '2': [Function: parserOnBody],
      '3': [Function: parserOnMessageComplete],
      '4': [Function: bound onParserExecute],
      _headers: [],
      _url: '',
      socket: [Circular],
      incoming: [Circular],
      outgoing: null,
      maxHeaderPairs: 2000,
      _consumed: true,
      onIncoming: [Function: bound parserOnIncoming],
      parsingHeadersStart: 0
    },
    on: [Function: socketListenerWrap],
    addListener: [Function: socketListenerWrap],
    prependListener: [Function: socketListenerWrap],
    _paused: false,
    _httpMessage: ServerResponse {
      _events: [Object: null prototype],
      _eventsCount: 2,
      _maxListeners: undefined,
      outputData: [],
      outputSize: 0,
      writable: true,
      _last: false,
      chunkedEncoding: false,
      shouldKeepAlive: true,
      useChunkedEncodingByDefault: true,
      sendDate: true,
      _removedConnection: false,
      _removedContLen: false,
      _removedTE: false,
      _contentLength: null,
      _hasBody: true,
      _trailer: '',
      finished: false,
      _headerSent: false,
      socket: [Circular],
      connection: [Circular],
      _header: null,
      _onPendingData: [Function: bound updateOutgoingData],
      _sent100: false,
      _expect_continue: false,
      statusCode: 404,
      __onFinished: [Function],
      [Symbol(kNeedDrain)]: false,
      [Symbol(isCorked)]: false,
      [Symbol(kOutHeaders)]: [Object: null prototype]
    },
    [Symbol(asyncId)]: 33,
    [Symbol(kHandle)]: TCP {
      reading: false,
      onconnection: null,
      _consumed: true,
      [Symbol(owner)]: [Circular]
    },
    [Symbol(lastWriteQueueSize)]: 0,
    [Symbol(timeout)]: Timeout {
      _idleTimeout: 120000,
      _idlePrev: [TimersList],
      _idleNext: [TimersList],
      _idleStart: 3736,
      _onTimeout: [Function: bound ],
      _timerArgs: undefined,
      _repeat: null,
      _destroyed: false,
      [Symbol(refed)]: false,
      [Symbol(asyncId)]: 51,
      [Symbol(triggerId)]: 35
    },
    [Symbol(kBuffer)]: null,
    [Symbol(kBufferCb)]: null,
    [Symbol(kBufferGen)]: null,
    [Symbol(kBytesRead)]: 0,
    [Symbol(kBytesWritten)]: 0
  },
  connection: Socket {
    connecting: false,
    _hadError: false,
    _parent: null,
    _host: null,
    _readableState: ReadableState {
      objectMode: false,
      highWaterMark: 16384,
      buffer: BufferList { head: null, tail: null, length: 0 },
      length: 0,
      pipes: null,
      pipesCount: 0,
      flowing: false,
      ended: false,
      endEmitted: false,
      reading: true,
      sync: false,
      needReadable: true,
      emittedReadable: false,
      readableListening: false,
      resumeScheduled: false,
      paused: true,
      emitClose: false,
      autoDestroy: false,
      destroyed: false,
      defaultEncoding: 'utf8',
      awaitDrain: 0,
      readingMore: false,
      decoder: null,
      encoding: null
    },
    readable: true,
    _events: [Object: null prototype] {
      end: [Array],
      timeout: [Function: socketOnTimeout],
      data: [Function: bound socketOnData],
      error: [Array],
      close: [Array],
      drain: [Function: bound socketOnDrain],
      resume: [Function: onSocketResume],
      pause: [Function: onSocketPause]
    },
    _eventsCount: 8,
    _maxListeners: undefined,
    _writableState: WritableState {
      objectMode: false,
      highWaterMark: 16384,
      finalCalled: false,
      needDrain: false,
      ending: false,
      ended: false,
      finished: false,
      destroyed: false,
      decodeStrings: false,
      defaultEncoding: 'utf8',
      length: 0,
      writing: false,
      corked: 0,
      sync: false,
      bufferProcessing: false,
      onwrite: [Function: bound onwrite],
      writecb: null,
      writelen: 0,
      bufferedRequest: null,
      lastBufferedRequest: null,
      pendingcb: 0,
      prefinished: false,
      errorEmitted: false,
      emitClose: false,
      autoDestroy: false,
      bufferedRequestCount: 0,
      corkedRequestsFree: [Object]
    },
    writable: true,
    allowHalfOpen: true,
    _sockname: null,
    _pendingData: null,
    _pendingEncoding: '',
    server: Server {
      _events: [Object: null prototype],
      _eventsCount: 4,
      _maxListeners: undefined,
      _connections: 1,
      _handle: [TCP],
      _usingWorkers: false,
      _workers: [],
      _unref: false,
      allowHalfOpen: true,
      pauseOnConnect: false,
      httpAllowHalfOpen: false,
      timeout: 120000,
      keepAliveTimeout: 5000,
      maxHeadersCount: null,
      headersTimeout: 40000,
      _connectionKey: '6::::3000',
      [Symbol(IncomingMessage)]: [Function: IncomingMessage],
      [Symbol(ServerResponse)]: [Function: ServerResponse],
      [Symbol(asyncId)]: 26
    },
    _server: Server {
      _events: [Object: null prototype],
      _eventsCount: 4,
      _maxListeners: undefined,
      _connections: 1,
      _handle: [TCP],
      _usingWorkers: false,
      _workers: [],
      _unref: false,
      allowHalfOpen: true,
      pauseOnConnect: false,
      httpAllowHalfOpen: false,
      timeout: 120000,
      keepAliveTimeout: 5000,
      maxHeadersCount: null,
      headersTimeout: 40000,
      _connectionKey: '6::::3000',
      [Symbol(IncomingMessage)]: [Function: IncomingMessage],
      [Symbol(ServerResponse)]: [Function: ServerResponse],
      [Symbol(asyncId)]: 26
    },
    timeout: 120000,
    parser: HTTPParser {
      '0': [Function: parserOnHeaders],
      '1': [Function: parserOnHeadersComplete],
      '2': [Function: parserOnBody],
      '3': [Function: parserOnMessageComplete],
      '4': [Function: bound onParserExecute],
      _headers: [],
      _url: '',
      socket: [Circular],
      incoming: [Circular],
      outgoing: null,
      maxHeaderPairs: 2000,
      _consumed: true,
      onIncoming: [Function: bound parserOnIncoming],
      parsingHeadersStart: 0
    },
    on: [Function: socketListenerWrap],
    addListener: [Function: socketListenerWrap],
    prependListener: [Function: socketListenerWrap],
    _paused: false,
    _httpMessage: ServerResponse {
      _events: [Object: null prototype],
      _eventsCount: 2,
      _maxListeners: undefined,
      outputData: [],
      outputSize: 0,
      writable: true,
      _last: false,
      chunkedEncoding: false,
      shouldKeepAlive: true,
      useChunkedEncodingByDefault: true,
      sendDate: true,
      _removedConnection: false,
      _removedContLen: false,
      _removedTE: false,
      _contentLength: null,
      _hasBody: true,
      _trailer: '',
      finished: false,
      _headerSent: false,
      socket: [Circular],
      connection: [Circular],
      _header: null,
      _onPendingData: [Function: bound updateOutgoingData],
      _sent100: false,
      _expect_continue: false,
      statusCode: 404,
      __onFinished: [Function],
      [Symbol(kNeedDrain)]: false,
      [Symbol(isCorked)]: false,
      [Symbol(kOutHeaders)]: [Object: null prototype]
    },
    [Symbol(asyncId)]: 33,
    [Symbol(kHandle)]: TCP {
      reading: false,
      onconnection: null,
      _consumed: true,
      [Symbol(owner)]: [Circular]
    },
    [Symbol(lastWriteQueueSize)]: 0,
    [Symbol(timeout)]: Timeout {
      _idleTimeout: 120000,
      _idlePrev: [TimersList],
      _idleNext: [TimersList],
      _idleStart: 3736,
      _onTimeout: [Function: bound ],
      _timerArgs: undefined,
      _repeat: null,
      _destroyed: false,
      [Symbol(refed)]: false,
      [Symbol(asyncId)]: 51,
      [Symbol(triggerId)]: 35
    },
    [Symbol(kBuffer)]: null,
    [Symbol(kBufferCb)]: null,
    [Symbol(kBufferGen)]: null,
    [Symbol(kBytesRead)]: 0,
    [Symbol(kBytesWritten)]: 0
  },
  httpVersionMajor: 1,
  httpVersionMinor: 1,
  httpVersion: '1.1',
  complete: false,
  headers: {
    host: 'localhost:3000',
    'user-agent': 'Mozilla/5.0 (Windows NT 6.1; Win64; x64; rv:74.0) Gecko/20100101 Firefox/74.0',
    accept: '*/*',
    'accept-language': 'zh-CN,zh;q=0.8,zh-TW;q=0.7,zh-HK;q=0.5,en-US;q=0.3,en;q=0.2',
    'accept-encoding': 'gzip, deflate',
    accesstoken: 'eyJhbGciOiJIUzI1NiIsInR5cCI6IkpXVCJ9.eyJ1c2VybmFtZSI6IjEiLCJuaWNrbmFtZSI6Iuafr-a2tSIsInVzZXJJZCI6IjAxOTJlODMwLTFiYmItMTFlOS1iOWM5LWNkYWYzYzlhMjQxMCIsImlhdCI6MTU4ODU3NjM0NCwiZXhwIjoxNTg4NzQ5MTQ0LCJpc3MiOiJZT1VKVU4ifQ.zC5jvE4ieg6rvYF7qprEeYm96rN_7CGI59QeM_WQDVY',
    'content-type': 'multipart/form-data; boundary=---------------------------253401286336255945371312061725',
    'content-length': '36746',
    origin: 'http://localhost:8080',
    connection: 'keep-alive',
    referer: 'http://localhost:8080/setting',
    pragma: 'no-cache',
    'cache-control': 'no-cache'
  },
  rawHeaders: [
    'Host',
    'localhost:3000',
    'User-Agent',
    'Mozilla/5.0 (Windows NT 6.1; Win64; x64; rv:74.0) Gecko/20100101 Firefox/74.0',
    'Accept',
    '*/*',
    'Accept-Language',
    'zh-CN,zh;q=0.8,zh-TW;q=0.7,zh-HK;q=0.5,en-US;q=0.3,en;q=0.2',
    'Accept-Encoding',
    'gzip, deflate',
    'accessToken',
    'eyJhbGciOiJIUzI1NiIsInR5cCI6IkpXVCJ9.eyJ1c2VybmFtZSI6IjEiLCJuaWNrbmFtZSI6Iuafr-a2tSIsInVzZXJJZCI6IjAxOTJlODMwLTFiYmItMTFlOS1iOWM5LWNkYWYzYzlhMjQxMCIsImlhdCI6MTU4ODU3NjM0NCwiZXhwIjoxNTg4NzQ5MTQ0LCJpc3MiOiJZT1VKVU4ifQ.zC5jvE4ieg6rvYF7qprEeYm96rN_7CGI59QeM_WQDVY',
    'Content-Type',
    'multipart/form-data; boundary=---------------------------253401286336255945371312061725',
    'Content-Length',
    '36746',
    'Origin',
    'http://localhost:8080',
    'Connection',
    'keep-alive',
    'Referer',
    'http://localhost:8080/setting',
    'Pragma',
    'no-cache',
    'Cache-Control',
    'no-cache'
  ],
  trailers: {},
  rawTrailers: [],
  aborted: false,
  upgrade: false,
  url: '/users/uploadimg',
  method: 'POST',
  statusCode: null,
  statusMessage: null,
  client: Socket {
    connecting: false,
    _hadError: false,
    _parent: null,
    _host: null,
    _readableState: ReadableState {
      objectMode: false,
      highWaterMark: 16384,
      buffer: BufferList { head: null, tail: null, length: 0 },
      length: 0,
      pipes: null,
      pipesCount: 0,
      flowing: false,
      ended: false,
      endEmitted: false,
      reading: true,
      sync: false,
      needReadable: true,
      emittedReadable: false,
      readableListening: false,
      resumeScheduled: false,
      paused: true,
      emitClose: false,
      autoDestroy: false,
      destroyed: false,
      defaultEncoding: 'utf8',
      awaitDrain: 0,
      readingMore: false,
      decoder: null,
      encoding: null
    },
    readable: true,
    _events: [Object: null prototype] {
      end: [Array],
      timeout: [Function: socketOnTimeout],
      data: [Function: bound socketOnData],
      error: [Array],
      close: [Array],
      drain: [Function: bound socketOnDrain],
      resume: [Function: onSocketResume],
      pause: [Function: onSocketPause]
    },
    _eventsCount: 8,
    _maxListeners: undefined,
    _writableState: WritableState {
      objectMode: false,
      highWaterMark: 16384,
      finalCalled: false,
      needDrain: false,
      ending: false,
      ended: false,
      finished: false,
      destroyed: false,
      decodeStrings: false,
      defaultEncoding: 'utf8',
      length: 0,
      writing: false,
      corked: 0,
      sync: false,
      bufferProcessing: false,
      onwrite: [Function: bound onwrite],
      writecb: null,
      writelen: 0,
      bufferedRequest: null,
      lastBufferedRequest: null,
      pendingcb: 0,
      prefinished: false,
      errorEmitted: false,
      emitClose: false,
      autoDestroy: false,
      bufferedRequestCount: 0,
      corkedRequestsFree: [Object]
    },
    writable: true,
    allowHalfOpen: true,
    _sockname: null,
    _pendingData: null,
    _pendingEncoding: '',
    server: Server {
      _events: [Object: null prototype],
      _eventsCount: 4,
      _maxListeners: undefined,
      _connections: 1,
      _handle: [TCP],
      _usingWorkers: false,
      _workers: [],
      _unref: false,
      allowHalfOpen: true,
      pauseOnConnect: false,
      httpAllowHalfOpen: false,
      timeout: 120000,
      keepAliveTimeout: 5000,
      maxHeadersCount: null,
      headersTimeout: 40000,
      _connectionKey: '6::::3000',
      [Symbol(IncomingMessage)]: [Function: IncomingMessage],
      [Symbol(ServerResponse)]: [Function: ServerResponse],
      [Symbol(asyncId)]: 26
    },
    _server: Server {
      _events: [Object: null prototype],
      _eventsCount: 4,
      _maxListeners: undefined,
      _connections: 1,
      _handle: [TCP],
      _usingWorkers: false,
      _workers: [],
      _unref: false,
      allowHalfOpen: true,
      pauseOnConnect: false,
      httpAllowHalfOpen: false,
      timeout: 120000,
      keepAliveTimeout: 5000,
      maxHeadersCount: null,
      headersTimeout: 40000,
      _connectionKey: '6::::3000',
      [Symbol(IncomingMessage)]: [Function: IncomingMessage],
      [Symbol(ServerResponse)]: [Function: ServerResponse],
      [Symbol(asyncId)]: 26
    },
    timeout: 120000,
    parser: HTTPParser {
      '0': [Function: parserOnHeaders],
      '1': [Function: parserOnHeadersComplete],
      '2': [Function: parserOnBody],
      '3': [Function: parserOnMessageComplete],
      '4': [Function: bound onParserExecute],
      _headers: [],
      _url: '',
      socket: [Circular],
      incoming: [Circular],
      outgoing: null,
      maxHeaderPairs: 2000,
      _consumed: true,
      onIncoming: [Function: bound parserOnIncoming],
      parsingHeadersStart: 0
    },
    on: [Function: socketListenerWrap],
    addListener: [Function: socketListenerWrap],
    prependListener: [Function: socketListenerWrap],
    _paused: false,
    _httpMessage: ServerResponse {
      _events: [Object: null prototype],
      _eventsCount: 2,
      _maxListeners: undefined,
      outputData: [],
      outputSize: 0,
      writable: true,
      _last: false,
      chunkedEncoding: false,
      shouldKeepAlive: true,
      useChunkedEncodingByDefault: true,
      sendDate: true,
      _removedConnection: false,
      _removedContLen: false,
      _removedTE: false,
      _contentLength: null,
      _hasBody: true,
      _trailer: '',
      finished: false,
      _headerSent: false,
      socket: [Circular],
      connection: [Circular],
      _header: null,
      _onPendingData: [Function: bound updateOutgoingData],
      _sent100: false,
      _expect_continue: false,
      statusCode: 404,
      __onFinished: [Function],
      [Symbol(kNeedDrain)]: false,
      [Symbol(isCorked)]: false,
      [Symbol(kOutHeaders)]: [Object: null prototype]
    },
    [Symbol(asyncId)]: 33,
    [Symbol(kHandle)]: TCP {
      reading: false,
      onconnection: null,
      _consumed: true,
      [Symbol(owner)]: [Circular]
    },
    [Symbol(lastWriteQueueSize)]: 0,
    [Symbol(timeout)]: Timeout {
      _idleTimeout: 120000,
      _idlePrev: [TimersList],
      _idleNext: [TimersList],
      _idleStart: 3736,
      _onTimeout: [Function: bound ],
      _timerArgs: undefined,
      _repeat: null,
      _destroyed: false,
      [Symbol(refed)]: false,
      [Symbol(asyncId)]: 51,
      [Symbol(triggerId)]: 35
    },
    [Symbol(kBuffer)]: null,
    [Symbol(kBufferCb)]: null,
    [Symbol(kBufferGen)]: null,
    [Symbol(kBytesRead)]: 0,
    [Symbol(kBytesWritten)]: 0
  },
  _consuming: false,
  _dumped: false,
  _parsedUrl: Url {
    protocol: null,
    slashes: null,
    auth: null,
    host: null,
    port: null,
    hostname: null,
    hash: null,
    search: null,
    query: null,
    pathname: '/users/uploadimg',
    path: '/users/uploadimg',
    href: '/users/uploadimg',
    _raw: '/users/uploadimg'
  }
}
__dirname F:\ycsoft_koa_new\database
file undefined
  --> POST /users/uploadimg 200 18ms 56b
---------------------连接池连接数:------------------- 0
---------------------连接池连接数:------------------- 0
---------------------连接池连接数:------------------- 0
---------------------连接池连接数:------------------- 0
---------------------连接池连接数:------------------- 0
---------------------连接池连接数:------------------- 0
---------------------连接池连接数:------------------- 0
---------------------连接池连接数:------------------- 0
---------------------连接池连接数:------------------- 0
---------------------连接池连接数:------------------- 0
---------------------连接池连接数:------------------- 0
---------------------连接池连接数:------------------- 0
---------------------连接池连接数:------------------- 0
---------------------连接池连接数:------------------- 0
---------------------连接池连接数:------------------- 0
别问，问就验证没通过
result=================================>funck false
  <-- OPTIONS /users/uploadimg
OPTIONS /users/uploadimg - 0ms
  --> OPTIONS /users/uploadimg 200 13ms 0b
ok
result=================================>funck {
  username: '1',
  nickname: '柯涵',
  userId: '0192e830-1bbb-11e9-b9c9-cdaf3c9a2410',
  iat: 1588576344,
  exp: 1588749144,
  iss: 'YOUJUN'
}
  <-- POST /users/uploadimg
ctx.request.file undefined
ctx.file undefined
ctx.request.body {}
__dirname F:\ycsoft_koa_new\database
file /users/uploadimg
  --> POST /users/uploadimg 200 9ms 56b
---------------------连接池连接数:------------------- 0
---------------------连接池连接数:------------------- 0
-------------------------------------------------------------------------?
别问，问就验证没通过
result=================================>funck false
  <-- OPTIONS /users/uploadimg
OPTIONS /users/uploadimg - 0ms
  --> OPTIONS /users/uploadimg 200 16ms 0b
ok
result=================================>funck {
  username: '1',
  nickname: '柯涵',
  userId: '0192e830-1bbb-11e9-b9c9-cdaf3c9a2410',
  iat: 1588576344,
  exp: 1588749144,
  iss: 'YOUJUN'
}
  <-- POST /users/uploadimg
ctx.request.file undefined
ctx.file undefined
ctx.request.body {}
__dirname F:\ycsoft_koa_new\database
file /users/uploadimg
  --> POST /users/uploadimg 200 9ms 56b
---------------------连接池连接数:------------------- 0
-------------------------------------------------------------------------?
别问，问就验证没通过
result=================================>funck false
  <-- OPTIONS /users/uploadimg
OPTIONS /users/uploadimg - 0ms
  --> OPTIONS /users/uploadimg 200 16ms 0b
ok
result=================================>funck {
  username: '1',
  nickname: '柯涵',
  userId: '0192e830-1bbb-11e9-b9c9-cdaf3c9a2410',
  iat: 1588576344,
  exp: 1588749144,
  iss: 'YOUJUN'
}
  <-- POST /users/uploadimg
  xxx POST /users/uploadimg 500 23ms -
---------------------连接池连接数:------------------- 0
-------------------------------------------------------------------------?
---------------------连接池连接数:------------------- 0
---------------------连接池连接数:------------------- 0
---------------------连接池连接数:------------------- 0
---------------------连接池连接数:------------------- 0
---------------------连接池连接数:------------------- 0
---------------------连接池连接数:------------------- 0
---------------------连接池连接数:------------------- 0
别问，问就验证没通过
result=================================>funck false
  <-- OPTIONS /users/uploadimg
OPTIONS /users/uploadimg - 0ms
  --> OPTIONS /users/uploadimg 200 17ms 0b
ok
result=================================>funck {
  username: '1',
  nickname: '柯涵',
  userId: '0192e830-1bbb-11e9-b9c9-cdaf3c9a2410',
  iat: 1588576344,
  exp: 1588749144,
  iss: 'YOUJUN'
}
  <-- POST /users/uploadimg
ctx.request.file undefined
ctx.file undefined
ctx.request.body {}
__dirname F:\ycsoft_koa_new\database
file /users/uploadimg
  --> POST /users/uploadimg 200 54ms 56b
{}
{
  file: [
    {
      fieldName: 'file',
      originalFilename: 'blob',
      path: 'F:\\ycsoft_koa_new\\database\\VGQRiNemCtLwA84TC6Lc7PG-',
      headers: [Object],
      size: 36531
    }
  ]
}
---------------------连接池连接数:------------------- 0
---------------------连接池连接数:------------------- 0
---------------------连接池连接数:------------------- 0
---------------------连接池连接数:------------------- 0
---------------------连接池连接数:------------------- 0
---------------------连接池连接数:------------------- 0
---------------------连接池连接数:------------------- 0
---------------------连接池连接数:------------------- 0
别问，问就验证没通过
result=================================>funck false
  <-- OPTIONS /users/uploadimg
OPTIONS /users/uploadimg - 0ms
  --> OPTIONS /users/uploadimg 200 15ms 0b
ok
result=================================>funck {
  username: '1',
  nickname: '柯涵',
  userId: '0192e830-1bbb-11e9-b9c9-cdaf3c9a2410',
  iat: 1588576344,
  exp: 1588749144,
  iss: 'YOUJUN'
}
  <-- POST /users/uploadimg
  --> POST /users/uploadimg 200 118ms 40b
---------------------连接池连接数:------------------- 0
---------------------连接池连接数:------------------- 0
---------------------连接池连接数:------------------- 0
---------------------连接池连接数:------------------- 0
---------------------连接池连接数:------------------- 0
---------------------连接池连接数:------------------- 0
---------------------连接池连接数:------------------- 0
---------------------连接池连接数:------------------- 0
---------------------连接池连接数:------------------- 0
---------------------连接池连接数:------------------- 0
---------------------连接池连接数:------------------- 0
---------------------连接池连接数:------------------- 0
---------------------连接池连接数:------------------- 0
---------------------连接池连接数:------------------- 0
---------------------连接池连接数:------------------- 0
---------------------连接池连接数:------------------- 0
---------------------连接池连接数:------------------- 0
---------------------连接池连接数:------------------- 0
---------------------连接池连接数:------------------- 0
---------------------连接池连接数:------------------- 0
---------------------连接池连接数:------------------- 0
---------------------连接池连接数:------------------- 0
---------------------连接池连接数:------------------- 0
---------------------连接池连接数:------------------- 0
别问，问就验证没通过
result=================================>funck false
  <-- OPTIONS /users/uploadimg
OPTIONS /users/uploadimg - 0ms
  --> OPTIONS /users/uploadimg 200 20ms 0b
ok
result=================================>funck {
  username: '1',
  nickname: '柯涵',
  userId: '0192e830-1bbb-11e9-b9c9-cdaf3c9a2410',
  iat: 1588576344,
  exp: 1588749144,
  iss: 'YOUJUN'
}
  <-- POST /users/uploadimg
---------------------连接池连接数:------------------- 0
ok
result=================================>funck {
  username: '1',
  nickname: '柯涵',
  userId: '0192e830-1bbb-11e9-b9c9-cdaf3c9a2410',
  iat: 1588576344,
  exp: 1588749144,
  iss: 'YOUJUN'
}
  <-- POST /users/uploadimg
  --> POST /users/uploadimg 200 51ms 56b
别问，问就验证没通过
result=================================>funck false
  <-- OPTIONS /users/uploadimg
OPTIONS /users/uploadimg - 0ms
  --> OPTIONS /users/uploadimg 200 5ms 0b
ok
result=================================>funck {
  username: '1',
  nickname: '柯涵',
  userId: '0192e830-1bbb-11e9-b9c9-cdaf3c9a2410',
  iat: 1588576344,
  exp: 1588749144,
  iss: 'YOUJUN'
}
  <-- POST /users/uploadimg
  --> POST /users/uploadimg 200 17ms 56b
---------------------连接池连接数:------------------- 0
别问，问就验证没通过
result=================================>funck false
  <-- OPTIONS /users/uploadimg
OPTIONS /users/uploadimg - 1ms
  --> OPTIONS /users/uploadimg 200 15ms 0b
ok
result=================================>funck {
  username: '1',
  nickname: '柯涵',
  userId: '0192e830-1bbb-11e9-b9c9-cdaf3c9a2410',
  iat: 1588576344,
  exp: 1588749144,
  iss: 'YOUJUN'
}
  <-- POST /users/uploadimg
ctx.request.body {}
  --> POST /users/uploadimg 200 32ms 40b
---------------------连接池连接数:------------------- 0
别问，问就验证没通过
result=================================>funck false
  <-- OPTIONS /users/uploadimg
OPTIONS /users/uploadimg - 0ms
  --> OPTIONS /users/uploadimg 200 16ms 0b
ok
result=================================>funck {
  username: '1',
  nickname: '柯涵',
  userId: '0192e830-1bbb-11e9-b9c9-cdaf3c9a2410',
  iat: 1588576344,
  exp: 1588749144,
  iss: 'YOUJUN'
}
  <-- POST /users/uploadimg
ctx.request.body {
  method: 'POST',
  url: '/users/uploadimg',
  header: {
    host: 'localhost:3000',
    'user-agent': 'Mozilla/5.0 (Windows NT 6.1; Win64; x64; rv:74.0) Gecko/20100101 Firefox/74.0',
    accept: '*/*',
    'accept-language': 'zh-CN,zh;q=0.8,zh-TW;q=0.7,zh-HK;q=0.5,en-US;q=0.3,en;q=0.2',
    'accept-encoding': 'gzip, deflate',
    accesstoken: 'eyJhbGciOiJIUzI1NiIsInR5cCI6IkpXVCJ9.eyJ1c2VybmFtZSI6IjEiLCJuaWNrbmFtZSI6Iuafr-a2tSIsInVzZXJJZCI6IjAxOTJlODMwLTFiYmItMTFlOS1iOWM5LWNkYWYzYzlhMjQxMCIsImlhdCI6MTU4ODU3NjM0NCwiZXhwIjoxNTg4NzQ5MTQ0LCJpc3MiOiJZT1VKVU4ifQ.zC5jvE4ieg6rvYF7qprEeYm96rN_7CGI59QeM_WQDVY',
    'content-type': 'multipart/form-data; boundary=---------------------------113296219728478332132941667893',
    'content-length': '36746',
    origin: 'http://localhost:8080',
    connection: 'keep-alive',
    referer: 'http://localhost:8080/setting',
    pragma: 'no-cache',
    'cache-control': 'no-cache'
  }
}
  --> POST /users/uploadimg 200 40ms 40b
---------------------连接池连接数:------------------- 0
---------------------连接池连接数:------------------- 0
别问，问就验证没通过
result=================================>funck false
  <-- OPTIONS /users/uploadimg
OPTIONS /users/uploadimg - 0ms
  --> OPTIONS /users/uploadimg 200 16ms 0b
ok
result=================================>funck {
  username: '1',
  nickname: '柯涵',
  userId: '0192e830-1bbb-11e9-b9c9-cdaf3c9a2410',
  iat: 1588576344,
  exp: 1588749144,
  iss: 'YOUJUN'
}
  <-- POST /users/uploadimg
ctx.request.body ReadStream {
  _readableState: ReadableState {
    objectMode: false,
    highWaterMark: 65536,
    buffer: BufferList { head: null, tail: null, length: 0 },
    length: 0,
    pipes: null,
    pipesCount: 0,
    flowing: null,
    ended: false,
    endEmitted: false,
    reading: false,
    sync: true,
    needReadable: false,
    emittedReadable: false,
    readableListening: false,
    resumeScheduled: false,
    paused: true,
    emitClose: false,
    autoDestroy: false,
    destroyed: false,
    defaultEncoding: 'utf8',
    awaitDrain: 0,
    readingMore: false,
    decoder: null,
    encoding: null
  },
  readable: true,
  _events: [Object: null prototype] { end: [Function] },
  _eventsCount: 1,
  _maxListeners: undefined,
  path: 'F:\\ycsoft_koa_new\\database\\63e94d50-8de6-11ea-b208-d30175a5ef8dblob',
  fd: null,
  flags: 'r',
  mode: 438,
  start: undefined,
  end: Infinity,
  autoClose: true,
  pos: undefined,
  bytesRead: 0,
  closed: false,
  fieldname: 'file',
  filename: 'blob',
  encoding: '7bit',
  mimetype: 'image/jpg'
}
  --> POST /users/uploadimg 200 50ms 40b
---------------------连接池连接数:------------------- 0
别问，问就验证没通过
result=================================>funck false
  <-- OPTIONS /users/uploadimg
OPTIONS /users/uploadimg - 0ms
  --> OPTIONS /users/uploadimg 200 14ms 0b
ok
result=================================>funck {
  username: '1',
  nickname: '柯涵',
  userId: '0192e830-1bbb-11e9-b9c9-cdaf3c9a2410',
  iat: 1588576344,
  exp: 1588749144,
  iss: 'YOUJUN'
}
  <-- POST /users/uploadimg
  --> POST /users/uploadimg 200 3ms 56b
---------------------连接池连接数:------------------- 0
---------------------连接池连接数:------------------- 0
别问，问就验证没通过
result=================================>funck false
  <-- OPTIONS /users/uploadimg
OPTIONS /users/uploadimg - 0ms
  --> OPTIONS /users/uploadimg 200 16ms 0b
ok
result=================================>funck {
  username: '1',
  nickname: '柯涵',
  userId: '0192e830-1bbb-11e9-b9c9-cdaf3c9a2410',
  iat: 1588576344,
  exp: 1588749144,
  iss: 'YOUJUN'
}
  <-- POST /users/uploadimg
ctx.request.body ReadStream {
  _readableState: ReadableState {
    objectMode: false,
    highWaterMark: 65536,
    buffer: BufferList { head: null, tail: null, length: 0 },
    length: 0,
    pipes: null,
    pipesCount: 0,
    flowing: null,
    ended: false,
    endEmitted: false,
    reading: false,
    sync: true,
    needReadable: false,
    emittedReadable: false,
    readableListening: false,
    resumeScheduled: false,
    paused: true,
    emitClose: false,
    autoDestroy: false,
    destroyed: false,
    defaultEncoding: 'utf8',
    awaitDrain: 0,
    readingMore: false,
    decoder: null,
    encoding: null
  },
  readable: true,
  _events: [Object: null prototype] { end: [Function] },
  _eventsCount: 1,
  _maxListeners: undefined,
  path: 'F:\\ycsoft_koa_new\\database\\9a01dfb0-8de6-11ea-ac36-1537b2edd083blob',
  fd: null,
  flags: 'r',
  mode: 438,
  start: undefined,
  end: Infinity,
  autoClose: true,
  pos: undefined,
  bytesRead: 0,
  closed: false,
  fieldname: 'file',
  filename: 'blob',
  encoding: '7bit',
  mimetype: 'image/jpg'
}
  --> POST /users/uploadimg 200 197ms 40b
---------------------连接池连接数:------------------- 0
---------------------连接池连接数:------------------- 0
别问，问就验证没通过
result=================================>funck false
  <-- OPTIONS /users/uploadimg
OPTIONS /users/uploadimg - 0ms
  --> OPTIONS /users/uploadimg 200 14ms 0b
ok
result=================================>funck {
  username: '1',
  nickname: '柯涵',
  userId: '0192e830-1bbb-11e9-b9c9-cdaf3c9a2410',
  iat: 1588576344,
  exp: 1588749144,
  iss: 'YOUJUN'
}
  <-- POST /users/uploadimg
  --> POST /users/uploadimg 200 39ms 56b
{}
{
  file: [
    {
      fieldName: 'file',
      originalFilename: 'blob',
      path: 'F:\\ycsoft_koa_new\\database\\Nb6067VIkMehPIwjTk3ZeCvJ',
      headers: [Object],
      size: 36531
    }
  ]
}
---------------------连接池连接数:------------------- 0
别问，问就验证没通过
result=================================>funck false
  <-- OPTIONS /users/uploadimg
OPTIONS /users/uploadimg - 0ms
  --> OPTIONS /users/uploadimg 200 16ms 0b
ok
result=================================>funck {
  username: '1',
  nickname: '柯涵',
  userId: '0192e830-1bbb-11e9-b9c9-cdaf3c9a2410',
  iat: 1588576344,
  exp: 1588749144,
  iss: 'YOUJUN'
}
  <-- POST /users/uploadimg
  --> POST /users/uploadimg 200 46ms 56b
{}
undefined
---------------------连接池连接数:------------------- 0
别问，问就验证没通过
result=================================>funck false
  <-- OPTIONS /users/uploadimg
OPTIONS /users/uploadimg - 0ms
  --> OPTIONS /users/uploadimg 200 15ms 0b
ok
result=================================>funck {
  username: '1',
  nickname: '柯涵',
  userId: '0192e830-1bbb-11e9-b9c9-cdaf3c9a2410',
  iat: 1588576344,
  exp: 1588749144,
  iss: 'YOUJUN'
}
  <-- POST /users/uploadimg
  --> POST /users/uploadimg 200 40ms 56b
{}
{
  file: [
    {
      fieldName: 'file',
      originalFilename: 'blob',
      path: 'F:\\ycsoft_koa_new\\database\\NzdTMsBkTnjfbRxBleVY-w9S',
      headers: [Object],
      size: 228937
    }
  ]
}
---------------------连接池连接数:------------------- 0
别问，问就验证没通过
result=================================>funck false
  <-- OPTIONS /users/uploadimg
OPTIONS /users/uploadimg - 0ms
  --> OPTIONS /users/uploadimg 200 17ms 0b
ok
result=================================>funck {
  username: '1',
  nickname: '柯涵',
  userId: '0192e830-1bbb-11e9-b9c9-cdaf3c9a2410',
  iat: 1588576344,
  exp: 1588749144,
  iss: 'YOUJUN'
}
  <-- POST /users/uploadimg
  --> POST /users/uploadimg 200 40ms 56b
{}
{
  fieldName: 'file',
  originalFilename: 'blob',
  path: 'F:\\ycsoft_koa_new\\database\\bAAkwMAwsbw9_V2jSdeWVs98',
  headers: {
    'content-disposition': 'form-data; name="file"; filename="blob"',
    'content-type': 'image/jpg'
  },
  size: 36531
}
---------------------连接池连接数:------------------- 0
别问，问就验证没通过
result=================================>funck false
  <-- OPTIONS /users/uploadimg
OPTIONS /users/uploadimg - 0ms
  --> OPTIONS /users/uploadimg 200 10ms 0b
ok
result=================================>funck {
  username: '1',
  nickname: '柯涵',
  userId: '0192e830-1bbb-11e9-b9c9-cdaf3c9a2410',
  iat: 1588576344,
  exp: 1588749144,
  iss: 'YOUJUN'
}
  <-- POST /users/uploadimg
  --> POST /users/uploadimg 200 11ms 56b
---------------------连接池连接数:------------------- 0
别问，问就验证没通过
result=================================>funck false
  <-- OPTIONS /users/uploadimg
OPTIONS /users/uploadimg - 0ms
  --> OPTIONS /users/uploadimg 200 13ms 0b
ok
result=================================>funck {
  username: '1',
  nickname: '柯涵',
  userId: '0192e830-1bbb-11e9-b9c9-cdaf3c9a2410',
  iat: 1588576344,
  exp: 1588749144,
  iss: 'YOUJUN'
}
  <-- POST /users/uploadimg
ctx.request {
  method: 'POST',
  url: '/users/uploadimg',
  header: {
    host: 'localhost:3000',
    'user-agent': 'Mozilla/5.0 (Windows NT 6.1; Win64; x64; rv:74.0) Gecko/20100101 Firefox/74.0',
    accept: '*/*',
    'accept-language': 'zh-CN,zh;q=0.8,zh-TW;q=0.7,zh-HK;q=0.5,en-US;q=0.3,en;q=0.2',
    'accept-encoding': 'gzip, deflate',
    accesstoken: 'eyJhbGciOiJIUzI1NiIsInR5cCI6IkpXVCJ9.eyJ1c2VybmFtZSI6IjEiLCJuaWNrbmFtZSI6Iuafr-a2tSIsInVzZXJJZCI6IjAxOTJlODMwLTFiYmItMTFlOS1iOWM5LWNkYWYzYzlhMjQxMCIsImlhdCI6MTU4ODU3NjM0NCwiZXhwIjoxNTg4NzQ5MTQ0LCJpc3MiOiJZT1VKVU4ifQ.zC5jvE4ieg6rvYF7qprEeYm96rN_7CGI59QeM_WQDVY',
    'content-type': 'multipart/form-data; boundary=---------------------------135115813838642790823979018879',
    'content-length': '60915',
    origin: 'http://localhost:8080',
    connection: 'keep-alive',
    referer: 'http://localhost:8080/setting',
    pragma: 'no-cache',
    'cache-control': 'no-cache'
  }
}
  --> POST /users/uploadimg 200 9ms 40b
---------------------连接池连接数:------------------- 0
别问，问就验证没通过
result=================================>funck false
  <-- OPTIONS /users/uploadimg
OPTIONS /users/uploadimg - 0ms
  --> OPTIONS /users/uploadimg 200 15ms 0b
ok
result=================================>funck {
  username: '1',
  nickname: '柯涵',
  userId: '0192e830-1bbb-11e9-b9c9-cdaf3c9a2410',
  iat: 1588576344,
  exp: 1588749144,
  iss: 'YOUJUN'
}
  <-- POST /users/uploadimg
ctx.request {}
  --> POST /users/uploadimg 200 3ms 40b
---------------------连接池连接数:------------------- 0
别问，问就验证没通过
result=================================>funck false
  <-- OPTIONS /users/uploadimg
OPTIONS /users/uploadimg - 0ms
  --> OPTIONS /users/uploadimg 200 12ms 0b
ok
result=================================>funck {
  username: '1',
  nickname: '柯涵',
  userId: '0192e830-1bbb-11e9-b9c9-cdaf3c9a2410',
  iat: 1588576344,
  exp: 1588749144,
  iss: 'YOUJUN'
}
  <-- POST /users/uploadimg
ctx.request {}
  --> POST /users/uploadimg 200 48ms 40b
{}
{
  fieldName: 'file',
  originalFilename: 'blob',
  path: 'F:\\ycsoft_koa_new\\database\\W8risHI7X7HKozMPVWM8CO3D',
  headers: {
    'content-disposition': 'form-data; name="file"; filename="blob"',
    'content-type': 'image/jpg'
  },
  size: 60700
}
---------------------连接池连接数:------------------- 0
---------------------连接池连接数:------------------- 0
别问，问就验证没通过
result=================================>funck false
  <-- OPTIONS /users/uploadimg
OPTIONS /users/uploadimg - 0ms
  --> OPTIONS /users/uploadimg 200 14ms 0b
ok
result=================================>funck {
  username: '1',
  nickname: '柯涵',
  userId: '0192e830-1bbb-11e9-b9c9-cdaf3c9a2410',
  iat: 1588576344,
  exp: 1588749144,
  iss: 'YOUJUN'
}
  <-- POST /users/uploadimg
ctx.request.body ReadStream {
  _readableState: ReadableState {
    objectMode: false,
    highWaterMark: 65536,
    buffer: BufferList { head: null, tail: null, length: 0 },
    length: 0,
    pipes: null,
    pipesCount: 0,
    flowing: null,
    ended: false,
    endEmitted: false,
    reading: false,
    sync: true,
    needReadable: false,
    emittedReadable: false,
    readableListening: false,
    resumeScheduled: false,
    paused: true,
    emitClose: false,
    autoDestroy: false,
    destroyed: false,
    defaultEncoding: 'utf8',
    awaitDrain: 0,
    readingMore: false,
    decoder: null,
    encoding: null
  },
  readable: true,
  _events: [Object: null prototype] { end: [Function] },
  _eventsCount: 1,
  _maxListeners: undefined,
  path: 'F:\\ycsoft_koa_new\\database\\a585c2b0-8de7-11ea-8b6c-b718815defe8blob',
  fd: null,
  flags: 'r',
  mode: 438,
  start: undefined,
  end: Infinity,
  autoClose: true,
  pos: undefined,
  bytesRead: 0,
  closed: false,
  fieldname: 'file',
  filename: 'blob',
  encoding: '7bit',
  mimetype: 'image/jpg'
}
  --> POST /users/uploadimg 200 32ms 40b
---------------------连接池连接数:------------------- 0
别问，问就验证没通过
result=================================>funck false
  <-- OPTIONS /users/uploadimg
OPTIONS /users/uploadimg - 0ms
  --> OPTIONS /users/uploadimg 200 16ms 0b
ok
result=================================>funck {
  username: '1',
  nickname: '柯涵',
  userId: '0192e830-1bbb-11e9-b9c9-cdaf3c9a2410',
  iat: 1588576344,
  exp: 1588749144,
  iss: 'YOUJUN'
}
  <-- POST /users/uploadimg
  --> POST /users/uploadimg 200 5ms 56b
---------------------连接池连接数:------------------- 0
别问，问就验证没通过
result=================================>funck false
  <-- OPTIONS /users/uploadimg
OPTIONS /users/uploadimg - 0ms
  --> OPTIONS /users/uploadimg 200 14ms 0b
ok
result=================================>funck {
  username: '1',
  nickname: '柯涵',
  userId: '0192e830-1bbb-11e9-b9c9-cdaf3c9a2410',
  iat: 1588576344,
  exp: 1588749144,
  iss: 'YOUJUN'
}
  <-- POST /users/uploadimg
ctx.request.body IncomingMessage {
  _readableState: ReadableState {
    objectMode: false,
    highWaterMark: 16384,
    buffer: BufferList { head: [Object], tail: [Object], length: 1 },
    length: 2113,
    pipes: null,
    pipesCount: 0,
    flowing: null,
    ended: false,
    endEmitted: false,
    reading: false,
    sync: true,
    needReadable: false,
    emittedReadable: false,
    readableListening: false,
    resumeScheduled: false,
    paused: true,
    emitClose: true,
    autoDestroy: false,
    destroyed: false,
    defaultEncoding: 'utf8',
    awaitDrain: 0,
    readingMore: true,
    decoder: null,
    encoding: null
  },
  readable: true,
  _events: [Object: null prototype] {
    end: [Function: resetHeadersTimeoutOnReqEnd]
  },
  _eventsCount: 1,
  _maxListeners: undefined,
  socket: Socket {
    connecting: false,
    _hadError: false,
    _parent: null,
    _host: null,
    _readableState: ReadableState {
      objectMode: false,
      highWaterMark: 16384,
      buffer: BufferList { head: null, tail: null, length: 0 },
      length: 0,
      pipes: null,
      pipesCount: 0,
      flowing: true,
      ended: false,
      endEmitted: false,
      reading: true,
      sync: false,
      needReadable: true,
      emittedReadable: false,
      readableListening: false,
      resumeScheduled: false,
      paused: false,
      emitClose: false,
      autoDestroy: false,
      destroyed: false,
      defaultEncoding: 'utf8',
      awaitDrain: 0,
      readingMore: false,
      decoder: null,
      encoding: null
    },
    readable: true,
    _events: [Object: null prototype] {
      end: [Array],
      timeout: [Function: socketOnTimeout],
      data: [Function: bound socketOnData],
      error: [Array],
      close: [Array],
      drain: [Function: bound socketOnDrain],
      resume: [Function: onSocketResume],
      pause: [Function: onSocketPause]
    },
    _eventsCount: 8,
    _maxListeners: undefined,
    _writableState: WritableState {
      objectMode: false,
      highWaterMark: 16384,
      finalCalled: false,
      needDrain: false,
      ending: false,
      ended: false,
      finished: false,
      destroyed: false,
      decodeStrings: false,
      defaultEncoding: 'utf8',
      length: 0,
      writing: false,
      corked: 0,
      sync: true,
      bufferProcessing: false,
      onwrite: [Function: bound onwrite],
      writecb: null,
      writelen: 0,
      bufferedRequest: null,
      lastBufferedRequest: null,
      pendingcb: 0,
      prefinished: false,
      errorEmitted: false,
      emitClose: false,
      autoDestroy: false,
      bufferedRequestCount: 0,
      corkedRequestsFree: [Object]
    },
    writable: true,
    allowHalfOpen: true,
    _sockname: null,
    _pendingData: null,
    _pendingEncoding: '',
    server: Server {
      _events: [Object: null prototype],
      _eventsCount: 4,
      _maxListeners: undefined,
      _connections: 2,
      _handle: [TCP],
      _usingWorkers: false,
      _workers: [],
      _unref: false,
      allowHalfOpen: true,
      pauseOnConnect: false,
      httpAllowHalfOpen: false,
      timeout: 120000,
      keepAliveTimeout: 5000,
      maxHeadersCount: null,
      headersTimeout: 40000,
      _connectionKey: '6::::3000',
      [Symbol(IncomingMessage)]: [Function: IncomingMessage],
      [Symbol(ServerResponse)]: [Function: ServerResponse],
      [Symbol(asyncId)]: 26
    },
    _server: Server {
      _events: [Object: null prototype],
      _eventsCount: 4,
      _maxListeners: undefined,
      _connections: 2,
      _handle: [TCP],
      _usingWorkers: false,
      _workers: [],
      _unref: false,
      allowHalfOpen: true,
      pauseOnConnect: false,
      httpAllowHalfOpen: false,
      timeout: 120000,
      keepAliveTimeout: 5000,
      maxHeadersCount: null,
      headersTimeout: 40000,
      _connectionKey: '6::::3000',
      [Symbol(IncomingMessage)]: [Function: IncomingMessage],
      [Symbol(ServerResponse)]: [Function: ServerResponse],
      [Symbol(asyncId)]: 26
    },
    timeout: 120000,
    parser: HTTPParser {
      '0': [Function: parserOnHeaders],
      '1': [Function: parserOnHeadersComplete],
      '2': [Function: parserOnBody],
      '3': [Function: parserOnMessageComplete],
      '4': [Function: bound onParserExecute],
      _headers: [],
      _url: '',
      socket: [Circular],
      incoming: [Circular],
      outgoing: null,
      maxHeaderPairs: 2000,
      _consumed: true,
      onIncoming: [Function: bound parserOnIncoming],
      parsingHeadersStart: 0
    },
    on: [Function: socketListenerWrap],
    addListener: [Function: socketListenerWrap],
    prependListener: [Function: socketListenerWrap],
    _paused: false,
    _httpMessage: ServerResponse {
      _events: [Object: null prototype],
      _eventsCount: 2,
      _maxListeners: undefined,
      outputData: [],
      outputSize: 0,
      writable: true,
      _last: false,
      chunkedEncoding: false,
      shouldKeepAlive: true,
      useChunkedEncodingByDefault: true,
      sendDate: true,
      _removedConnection: false,
      _removedContLen: false,
      _removedTE: false,
      _contentLength: null,
      _hasBody: true,
      _trailer: '',
      finished: false,
      _headerSent: false,
      socket: [Circular],
      connection: [Circular],
      _header: null,
      _onPendingData: [Function: bound updateOutgoingData],
      _sent100: false,
      _expect_continue: false,
      statusCode: 404,
      __onFinished: [Function],
      [Symbol(kNeedDrain)]: false,
      [Symbol(isCorked)]: false,
      [Symbol(kOutHeaders)]: [Object: null prototype]
    },
    [Symbol(asyncId)]: 63,
    [Symbol(kHandle)]: TCP {
      reading: true,
      onconnection: null,
      _consumed: true,
      [Symbol(owner)]: [Circular]
    },
    [Symbol(lastWriteQueueSize)]: 0,
    [Symbol(timeout)]: Timeout {
      _idleTimeout: 120000,
      _idlePrev: [TimersList],
      _idleNext: [TimersList],
      _idleStart: 13226,
      _onTimeout: [Function: bound ],
      _timerArgs: undefined,
      _repeat: null,
      _destroyed: false,
      [Symbol(refed)]: false,
      [Symbol(asyncId)]: 64,
      [Symbol(triggerId)]: 63
    },
    [Symbol(kBuffer)]: null,
    [Symbol(kBufferCb)]: null,
    [Symbol(kBufferGen)]: null,
    [Symbol(kBytesRead)]: 0,
    [Symbol(kBytesWritten)]: 0
  },
  connection: Socket {
    connecting: false,
    _hadError: false,
    _parent: null,
    _host: null,
    _readableState: ReadableState {
      objectMode: false,
      highWaterMark: 16384,
      buffer: BufferList { head: null, tail: null, length: 0 },
      length: 0,
      pipes: null,
      pipesCount: 0,
      flowing: true,
      ended: false,
      endEmitted: false,
      reading: true,
      sync: false,
      needReadable: true,
      emittedReadable: false,
      readableListening: false,
      resumeScheduled: false,
      paused: false,
      emitClose: false,
      autoDestroy: false,
      destroyed: false,
      defaultEncoding: 'utf8',
      awaitDrain: 0,
      readingMore: false,
      decoder: null,
      encoding: null
    },
    readable: true,
    _events: [Object: null prototype] {
      end: [Array],
      timeout: [Function: socketOnTimeout],
      data: [Function: bound socketOnData],
      error: [Array],
      close: [Array],
      drain: [Function: bound socketOnDrain],
      resume: [Function: onSocketResume],
      pause: [Function: onSocketPause]
    },
    _eventsCount: 8,
    _maxListeners: undefined,
    _writableState: WritableState {
      objectMode: false,
      highWaterMark: 16384,
      finalCalled: false,
      needDrain: false,
      ending: false,
      ended: false,
      finished: false,
      destroyed: false,
      decodeStrings: false,
      defaultEncoding: 'utf8',
      length: 0,
      writing: false,
      corked: 0,
      sync: true,
      bufferProcessing: false,
      onwrite: [Function: bound onwrite],
      writecb: null,
      writelen: 0,
      bufferedRequest: null,
      lastBufferedRequest: null,
      pendingcb: 0,
      prefinished: false,
      errorEmitted: false,
      emitClose: false,
      autoDestroy: false,
      bufferedRequestCount: 0,
      corkedRequestsFree: [Object]
    },
    writable: true,
    allowHalfOpen: true,
    _sockname: null,
    _pendingData: null,
    _pendingEncoding: '',
    server: Server {
      _events: [Object: null prototype],
      _eventsCount: 4,
      _maxListeners: undefined,
      _connections: 2,
      _handle: [TCP],
      _usingWorkers: false,
      _workers: [],
      _unref: false,
      allowHalfOpen: true,
      pauseOnConnect: false,
      httpAllowHalfOpen: false,
      timeout: 120000,
      keepAliveTimeout: 5000,
      maxHeadersCount: null,
      headersTimeout: 40000,
      _connectionKey: '6::::3000',
      [Symbol(IncomingMessage)]: [Function: IncomingMessage],
      [Symbol(ServerResponse)]: [Function: ServerResponse],
      [Symbol(asyncId)]: 26
    },
    _server: Server {
      _events: [Object: null prototype],
      _eventsCount: 4,
      _maxListeners: undefined,
      _connections: 2,
      _handle: [TCP],
      _usingWorkers: false,
      _workers: [],
      _unref: false,
      allowHalfOpen: true,
      pauseOnConnect: false,
      httpAllowHalfOpen: false,
      timeout: 120000,
      keepAliveTimeout: 5000,
      maxHeadersCount: null,
      headersTimeout: 40000,
      _connectionKey: '6::::3000',
      [Symbol(IncomingMessage)]: [Function: IncomingMessage],
      [Symbol(ServerResponse)]: [Function: ServerResponse],
      [Symbol(asyncId)]: 26
    },
    timeout: 120000,
    parser: HTTPParser {
      '0': [Function: parserOnHeaders],
      '1': [Function: parserOnHeadersComplete],
      '2': [Function: parserOnBody],
      '3': [Function: parserOnMessageComplete],
      '4': [Function: bound onParserExecute],
      _headers: [],
      _url: '',
      socket: [Circular],
      incoming: [Circular],
      outgoing: null,
      maxHeaderPairs: 2000,
      _consumed: true,
      onIncoming: [Function: bound parserOnIncoming],
      parsingHeadersStart: 0
    },
    on: [Function: socketListenerWrap],
    addListener: [Function: socketListenerWrap],
    prependListener: [Function: socketListenerWrap],
    _paused: false,
    _httpMessage: ServerResponse {
      _events: [Object: null prototype],
      _eventsCount: 2,
      _maxListeners: undefined,
      outputData: [],
      outputSize: 0,
      writable: true,
      _last: false,
      chunkedEncoding: false,
      shouldKeepAlive: true,
      useChunkedEncodingByDefault: true,
      sendDate: true,
      _removedConnection: false,
      _removedContLen: false,
      _removedTE: false,
      _contentLength: null,
      _hasBody: true,
      _trailer: '',
      finished: false,
      _headerSent: false,
      socket: [Circular],
      connection: [Circular],
      _header: null,
      _onPendingData: [Function: bound updateOutgoingData],
      _sent100: false,
      _expect_continue: false,
      statusCode: 404,
      __onFinished: [Function],
      [Symbol(kNeedDrain)]: false,
      [Symbol(isCorked)]: false,
      [Symbol(kOutHeaders)]: [Object: null prototype]
    },
    [Symbol(asyncId)]: 63,
    [Symbol(kHandle)]: TCP {
      reading: true,
      onconnection: null,
      _consumed: true,
      [Symbol(owner)]: [Circular]
    },
    [Symbol(lastWriteQueueSize)]: 0,
    [Symbol(timeout)]: Timeout {
      _idleTimeout: 120000,
      _idlePrev: [TimersList],
      _idleNext: [TimersList],
      _idleStart: 13226,
      _onTimeout: [Function: bound ],
      _timerArgs: undefined,
      _repeat: null,
      _destroyed: false,
      [Symbol(refed)]: false,
      [Symbol(asyncId)]: 64,
      [Symbol(triggerId)]: 63
    },
    [Symbol(kBuffer)]: null,
    [Symbol(kBufferCb)]: null,
    [Symbol(kBufferGen)]: null,
    [Symbol(kBytesRead)]: 0,
    [Symbol(kBytesWritten)]: 0
  },
  httpVersionMajor: 1,
  httpVersionMinor: 1,
  httpVersion: '1.1',
  complete: false,
  headers: {
    host: 'localhost:3000',
    'user-agent': 'Mozilla/5.0 (Windows NT 6.1; Win64; x64; rv:74.0) Gecko/20100101 Firefox/74.0',
    accept: '*/*',
    'accept-language': 'zh-CN,zh;q=0.8,zh-TW;q=0.7,zh-HK;q=0.5,en-US;q=0.3,en;q=0.2',
    'accept-encoding': 'gzip, deflate',
    accesstoken: 'eyJhbGciOiJIUzI1NiIsInR5cCI6IkpXVCJ9.eyJ1c2VybmFtZSI6IjEiLCJuaWNrbmFtZSI6Iuafr-a2tSIsInVzZXJJZCI6IjAxOTJlODMwLTFiYmItMTFlOS1iOWM5LWNkYWYzYzlhMjQxMCIsImlhdCI6MTU4ODU3NjM0NCwiZXhwIjoxNTg4NzQ5MTQ0LCJpc3MiOiJZT1VKVU4ifQ.zC5jvE4ieg6rvYF7qprEeYm96rN_7CGI59QeM_WQDVY',
    'content-type': 'multipart/form-data; boundary=---------------------------39728529372355737783736203887',
    'content-length': '36744',
    origin: 'http://localhost:8080',
    connection: 'keep-alive',
    referer: 'http://localhost:8080/setting',
    pragma: 'no-cache',
    'cache-control': 'no-cache'
  },
  rawHeaders: [
    'Host',
    'localhost:3000',
    'User-Agent',
    'Mozilla/5.0 (Windows NT 6.1; Win64; x64; rv:74.0) Gecko/20100101 Firefox/74.0',
    'Accept',
    '*/*',
    'Accept-Language',
    'zh-CN,zh;q=0.8,zh-TW;q=0.7,zh-HK;q=0.5,en-US;q=0.3,en;q=0.2',
    'Accept-Encoding',
    'gzip, deflate',
    'accessToken',
    'eyJhbGciOiJIUzI1NiIsInR5cCI6IkpXVCJ9.eyJ1c2VybmFtZSI6IjEiLCJuaWNrbmFtZSI6Iuafr-a2tSIsInVzZXJJZCI6IjAxOTJlODMwLTFiYmItMTFlOS1iOWM5LWNkYWYzYzlhMjQxMCIsImlhdCI6MTU4ODU3NjM0NCwiZXhwIjoxNTg4NzQ5MTQ0LCJpc3MiOiJZT1VKVU4ifQ.zC5jvE4ieg6rvYF7qprEeYm96rN_7CGI59QeM_WQDVY',
    'Content-Type',
    'multipart/form-data; boundary=---------------------------39728529372355737783736203887',
    'Content-Length',
    '36744',
    'Origin',
    'http://localhost:8080',
    'Connection',
    'keep-alive',
    'Referer',
    'http://localhost:8080/setting',
    'Pragma',
    'no-cache',
    'Cache-Control',
    'no-cache'
  ],
  trailers: {},
  rawTrailers: [],
  aborted: false,
  upgrade: false,
  url: '/users/uploadimg',
  method: 'POST',
  statusCode: null,
  statusMessage: null,
  client: Socket {
    connecting: false,
    _hadError: false,
    _parent: null,
    _host: null,
    _readableState: ReadableState {
      objectMode: false,
      highWaterMark: 16384,
      buffer: BufferList { head: null, tail: null, length: 0 },
      length: 0,
      pipes: null,
      pipesCount: 0,
      flowing: true,
      ended: false,
      endEmitted: false,
      reading: true,
      sync: false,
      needReadable: true,
      emittedReadable: false,
      readableListening: false,
      resumeScheduled: false,
      paused: false,
      emitClose: false,
      autoDestroy: false,
      destroyed: false,
      defaultEncoding: 'utf8',
      awaitDrain: 0,
      readingMore: false,
      decoder: null,
      encoding: null
    },
    readable: true,
    _events: [Object: null prototype] {
      end: [Array],
      timeout: [Function: socketOnTimeout],
      data: [Function: bound socketOnData],
      error: [Array],
      close: [Array],
      drain: [Function: bound socketOnDrain],
      resume: [Function: onSocketResume],
      pause: [Function: onSocketPause]
    },
    _eventsCount: 8,
    _maxListeners: undefined,
    _writableState: WritableState {
      objectMode: false,
      highWaterMark: 16384,
      finalCalled: false,
      needDrain: false,
      ending: false,
      ended: false,
      finished: false,
      destroyed: false,
      decodeStrings: false,
      defaultEncoding: 'utf8',
      length: 0,
      writing: false,
      corked: 0,
      sync: true,
      bufferProcessing: false,
      onwrite: [Function: bound onwrite],
      writecb: null,
      writelen: 0,
      bufferedRequest: null,
      lastBufferedRequest: null,
      pendingcb: 0,
      prefinished: false,
      errorEmitted: false,
      emitClose: false,
      autoDestroy: false,
      bufferedRequestCount: 0,
      corkedRequestsFree: [Object]
    },
    writable: true,
    allowHalfOpen: true,
    _sockname: null,
    _pendingData: null,
    _pendingEncoding: '',
    server: Server {
      _events: [Object: null prototype],
      _eventsCount: 4,
      _maxListeners: undefined,
      _connections: 2,
      _handle: [TCP],
      _usingWorkers: false,
      _workers: [],
      _unref: false,
      allowHalfOpen: true,
      pauseOnConnect: false,
      httpAllowHalfOpen: false,
      timeout: 120000,
      keepAliveTimeout: 5000,
      maxHeadersCount: null,
      headersTimeout: 40000,
      _connectionKey: '6::::3000',
      [Symbol(IncomingMessage)]: [Function: IncomingMessage],
      [Symbol(ServerResponse)]: [Function: ServerResponse],
      [Symbol(asyncId)]: 26
    },
    _server: Server {
      _events: [Object: null prototype],
      _eventsCount: 4,
      _maxListeners: undefined,
      _connections: 2,
      _handle: [TCP],
      _usingWorkers: false,
      _workers: [],
      _unref: false,
      allowHalfOpen: true,
      pauseOnConnect: false,
      httpAllowHalfOpen: false,
      timeout: 120000,
      keepAliveTimeout: 5000,
      maxHeadersCount: null,
      headersTimeout: 40000,
      _connectionKey: '6::::3000',
      [Symbol(IncomingMessage)]: [Function: IncomingMessage],
      [Symbol(ServerResponse)]: [Function: ServerResponse],
      [Symbol(asyncId)]: 26
    },
    timeout: 120000,
    parser: HTTPParser {
      '0': [Function: parserOnHeaders],
      '1': [Function: parserOnHeadersComplete],
      '2': [Function: parserOnBody],
      '3': [Function: parserOnMessageComplete],
      '4': [Function: bound onParserExecute],
      _headers: [],
      _url: '',
      socket: [Circular],
      incoming: [Circular],
      outgoing: null,
      maxHeaderPairs: 2000,
      _consumed: true,
      onIncoming: [Function: bound parserOnIncoming],
      parsingHeadersStart: 0
    },
    on: [Function: socketListenerWrap],
    addListener: [Function: socketListenerWrap],
    prependListener: [Function: socketListenerWrap],
    _paused: false,
    _httpMessage: ServerResponse {
      _events: [Object: null prototype],
      _eventsCount: 2,
      _maxListeners: undefined,
      outputData: [],
      outputSize: 0,
      writable: true,
      _last: false,
      chunkedEncoding: false,
      shouldKeepAlive: true,
      useChunkedEncodingByDefault: true,
      sendDate: true,
      _removedConnection: false,
      _removedContLen: false,
      _removedTE: false,
      _contentLength: null,
      _hasBody: true,
      _trailer: '',
      finished: false,
      _headerSent: false,
      socket: [Circular],
      connection: [Circular],
      _header: null,
      _onPendingData: [Function: bound updateOutgoingData],
      _sent100: false,
      _expect_continue: false,
      statusCode: 404,
      __onFinished: [Function],
      [Symbol(kNeedDrain)]: false,
      [Symbol(isCorked)]: false,
      [Symbol(kOutHeaders)]: [Object: null prototype]
    },
    [Symbol(asyncId)]: 63,
    [Symbol(kHandle)]: TCP {
      reading: true,
      onconnection: null,
      _consumed: true,
      [Symbol(owner)]: [Circular]
    },
    [Symbol(lastWriteQueueSize)]: 0,
    [Symbol(timeout)]: Timeout {
      _idleTimeout: 120000,
      _idlePrev: [TimersList],
      _idleNext: [TimersList],
      _idleStart: 13226,
      _onTimeout: [Function: bound ],
      _timerArgs: undefined,
      _repeat: null,
      _destroyed: false,
      [Symbol(refed)]: false,
      [Symbol(asyncId)]: 64,
      [Symbol(triggerId)]: 63
    },
    [Symbol(kBuffer)]: null,
    [Symbol(kBufferCb)]: null,
    [Symbol(kBufferGen)]: null,
    [Symbol(kBytesRead)]: 0,
    [Symbol(kBytesWritten)]: 0
  },
  _consuming: false,
  _dumped: false,
  _parsedUrl: Url {
    protocol: null,
    slashes: null,
    auth: null,
    host: null,
    port: null,
    hostname: null,
    hash: null,
    search: null,
    query: null,
    pathname: '/users/uploadimg',
    path: '/users/uploadimg',
    href: '/users/uploadimg',
    _raw: '/users/uploadimg'
  }
}
  --> POST /users/uploadimg 200 20ms 40b
---------------------连接池连接数:------------------- 0
---------------------连接池连接数:------------------- 0
---------------------连接池连接数:------------------- 0
---------------------连接池连接数:------------------- 0
---------------------连接池连接数:------------------- 0
---------------------连接池连接数:------------------- 0
---------------------连接池连接数:------------------- 0
---------------------连接池连接数:------------------- 0
---------------------连接池连接数:------------------- 0
  <-- OPTIONS /verifyToken
OPTIONS /verifyToken - 0ms
  --> OPTIONS /verifyToken 200 12ms 0b
  <-- POST /verifyToken
ok
result-------------- {
  username: '1',
  nickname: '柯涵',
  userId: '0192e830-1bbb-11e9-b9c9-cdaf3c9a2410',
  iat: 1588576344,
  exp: 1588749144,
  iss: 'YOUJUN'
}
  --> POST /verifyToken 200 12ms 26b
别问，问就验证没通过
result=================================>funck false
  <-- GET /community
  --> GET /community 200 83ms 1.35kb
别问，问就验证没通过
result=================================>funck false
  <-- GET /users/setting
  <-- GET /css/chunk-vendors.css
  --> GET /users/setting 200 32ms 999b
  <-- GET /css/chunk-1e91e5c4.css
  <-- GET /css/chunk-4eb9ad46.css
  <-- GET /css/chunk-660772a7.css
  <-- GET /css/chunk-936b62c6.css
  <-- GET /css/chunk-d27458f6.css
  <-- GET /css/chunk-f223234c.css
  --> GET /css/chunk-1e91e5c4.css 200 31ms 2.9kb
  --> GET /css/chunk-4eb9ad46.css 200 32ms 1.62kb
  --> GET /css/chunk-660772a7.css 200 38ms 1.45kb
  --> GET /css/chunk-936b62c6.css 200 43ms 3.58kb
  <-- GET /js/chunk-1e91e5c4.js
  <-- GET /js/chunk-4eb9ad46.js
  --> GET /css/chunk-f223234c.css 200 45ms 2.61kb
  --> GET /css/chunk-d27458f6.css 200 57ms 1.16kb
  --> GET /js/chunk-4eb9ad46.js 200 17ms 1.42kb
  --> GET /js/chunk-1e91e5c4.js 200 32ms 7.26kb
  <-- GET /js/chunk-660772a7.js
  <-- GET /js/chunk-936b62c6.js
  --> GET /js/chunk-660772a7.js 200 42ms 2.79kb
  --> GET /js/chunk-936b62c6.js 200 42ms 31.48kb
  <-- GET /css/chunk-vendors.css
  <-- GET /css/setting.css
  <-- GET /js/chunk-vendors.js
  <-- GET /js/setting.js
  -x- GET /js/setting.js 200 101ms 3.97kb
  -x- GET /js/chunk-vendors.js 200 103ms 562.67kb
  -x- GET /css/setting.css 200 114ms 2.25kb
  -x- GET /css/chunk-vendors.css 200 115ms 40.76kb
  <-- GET /css/chunk-1e91e5c4.css
  <-- GET /css/chunk-936b62c6.css
  <-- GET /js/chunk-936b62c6.js
  <-- GET /js/chunk-1e91e5c4.js
  --> GET /css/chunk-1e91e5c4.css 200 16ms 2.9kb
  --> GET /css/chunk-936b62c6.css 200 16ms 3.58kb
  --> GET /js/chunk-936b62c6.js 200 16ms 31.48kb
  --> GET /js/chunk-1e91e5c4.js 200 16ms 7.26kb
  <-- OPTIONS /verifyToken
OPTIONS /verifyToken - 0ms
  --> OPTIONS /verifyToken 200 2ms 0b
  <-- POST /verifyToken
ok
result-------------- {
  username: '1',
  nickname: '柯涵',
  userId: '0192e830-1bbb-11e9-b9c9-cdaf3c9a2410',
  iat: 1588576344,
  exp: 1588749144,
  iss: 'YOUJUN'
}
  --> POST /verifyToken 200 2ms 26b
别问，问就验证没通过
result=================================>funck false
  <-- OPTIONS /community/getArticleInfo
OPTIONS /community/getArticleInfo - 0ms
  --> OPTIONS /community/getArticleInfo 200 1ms 0b
ok
result=================================>funck {
  username: '1',
  nickname: '柯涵',
  userId: '0192e830-1bbb-11e9-b9c9-cdaf3c9a2410',
  iat: 1588576344,
  exp: 1588749144,
  iss: 'YOUJUN'
}
  <-- POST /community/getArticleInfo
别问，问就验证没通过
result=================================>funck false
  <-- OPTIONS /community/getComment
OPTIONS /community/getComment - 0ms
  --> OPTIONS /community/getComment 200 4ms 0b
别问，问就验证没通过
result=================================>funck false
  <-- OPTIONS /community/getTopicList
OPTIONS /community/getTopicList - 0ms
  --> OPTIONS /community/getTopicList 200 1ms 0b
ok
result=================================>funck {
  username: '1',
  nickname: '柯涵',
  userId: '0192e830-1bbb-11e9-b9c9-cdaf3c9a2410',
  iat: 1588576344,
  exp: 1588749144,
  iss: 'YOUJUN'
}
  <-- POST /community/getComment
ok
result=================================>funck {
  username: '1',
  nickname: '柯涵',
  userId: '0192e830-1bbb-11e9-b9c9-cdaf3c9a2410',
  iat: 1588576344,
  exp: 1588749144,
  iss: 'YOUJUN'
}
  <-- POST /community/getTopicList
  --> POST /community/getComment 200 86ms 1.44kb
  --> POST /community/getTopicList 200 86ms 517b
  --> POST /community/getArticleInfo 200 184ms 411b
  <-- POST /verifyToken
ok
result-------------- {
  username: '1',
  nickname: '柯涵',
  userId: '0192e830-1bbb-11e9-b9c9-cdaf3c9a2410',
  iat: 1588576344,
  exp: 1588749144,
  iss: 'YOUJUN'
}
  --> POST /verifyToken 200 4ms 26b
别问，问就验证没通过
result=================================>funck false
  <-- OPTIONS /users/uploadimg
OPTIONS /users/uploadimg - 0ms
  --> OPTIONS /users/uploadimg 200 1ms 0b
ok
result=================================>funck {
  username: '1',
  nickname: '柯涵',
  userId: '0192e830-1bbb-11e9-b9c9-cdaf3c9a2410',
  iat: 1588576344,
  exp: 1588749144,
  iss: 'YOUJUN'
}
  <-- POST /users/uploadimg
ctx.request.body ReadStream {
  _readableState: ReadableState {
    objectMode: false,
    highWaterMark: 65536,
    buffer: BufferList { head: null, tail: null, length: 0 },
    length: 0,
    pipes: null,
    pipesCount: 0,
    flowing: null,
    ended: false,
    endEmitted: false,
    reading: false,
    sync: true,
    needReadable: false,
    emittedReadable: false,
    readableListening: false,
    resumeScheduled: false,
    paused: true,
    emitClose: false,
    autoDestroy: false,
    destroyed: false,
    defaultEncoding: 'utf8',
    awaitDrain: 0,
    readingMore: false,
    decoder: null,
    encoding: null
  },
  readable: true,
  _events: [Object: null prototype] { end: [Function] },
  _eventsCount: 1,
  _maxListeners: undefined,
  path: 'F:\\ycsoft_koa_new\\database\\4ba19980-8f32-11ea-8a46-5bb11b8e1b78blob',
  fd: null,
  flags: 'r',
  mode: 438,
  start: undefined,
  end: Infinity,
  autoClose: true,
  pos: undefined,
  bytesRead: 0,
  closed: false,
  fieldname: 'file',
  filename: 'blob',
  encoding: '7bit',
  mimetype: 'image/jpg'
}
  --> POST /users/uploadimg 200 18ms 40b
---------------------连接池连接数:------------------- 0
---------------------连接池连接数:------------------- 0
---------------------连接池连接数:------------------- 0
---------------------连接池连接数:------------------- 0
---------------------连接池连接数:------------------- 0
---------------------连接池连接数:------------------- 0
---------------------连接池连接数:------------------- 0
---------------------连接池连接数:------------------- 0
---------------------连接池连接数:------------------- 0
---------------------连接池连接数:------------------- 0
---------------------连接池连接数:------------------- 0
---------------------连接池连接数:------------------- 0
---------------------连接池连接数:------------------- 0
---------------------连接池连接数:------------------- 0
---------------------连接池连接数:------------------- 0
---------------------连接池连接数:------------------- 0
---------------------连接池连接数:------------------- 0
---------------------连接池连接数:------------------- 0
---------------------连接池连接数:------------------- 0
---------------------连接池连接数:------------------- 0
---------------------连接池连接数:------------------- 0
---------------------连接池连接数:------------------- 0
---------------------连接池连接数:------------------- 0
---------------------连接池连接数:------------------- 0
  <-- OPTIONS /verifyToken
OPTIONS /verifyToken - 0ms
  --> OPTIONS /verifyToken 200 22ms 0b
  <-- POST /verifyToken
别问，问就验证没通过
result-------------- false
  --> POST /verifyToken 200 15ms 27b
  <-- POST /verifyToken
别问，问就验证没通过
result-------------- false
  --> POST /verifyToken 200 7ms 27b
别问，问就验证没通过
result=================================>funck false
  <-- OPTIONS /users/uploadimg
OPTIONS /users/uploadimg - 0ms
  --> OPTIONS /users/uploadimg 200 4ms 0b
别问，问就验证没通过
result=================================>funck false
  <-- POST /users/uploadimg
  --> POST /users/uploadimg 200 44ms 56b
---------------------连接池连接数:------------------- 0
别问，问就验证没通过
result=================================>funck false
  <-- OPTIONS /users/uploadimg
OPTIONS /users/uploadimg - 0ms
  --> OPTIONS /users/uploadimg 200 12ms 0b
别问，问就验证没通过
result=================================>funck false
  <-- POST /users/uploadimg
  --> POST /users/uploadimg 200 49ms 56b
---------------------连接池连接数:------------------- 0
别问，问就验证没通过
result=================================>funck false
  <-- OPTIONS /users/uploadimg
OPTIONS /users/uploadimg - 0ms
  --> OPTIONS /users/uploadimg 200 16ms 0b
别问，问就验证没通过
result=================================>funck false
  <-- POST /users/uploadimg
  --> POST /users/uploadimg 200 52ms 56b
---------------------连接池连接数:------------------- 0
---------------------连接池连接数:------------------- 0
  <-- OPTIONS /verifyToken
OPTIONS /verifyToken - 0ms
  --> OPTIONS /verifyToken 200 18ms 0b
  <-- POST /verifyToken
别问，问就验证没通过
result-------------- false
  --> POST /verifyToken 200 10ms 27b
别问，问就验证没通过
result=================================>funck false
  <-- OPTIONS /users/uploadimg
OPTIONS /users/uploadimg - 0ms
  --> OPTIONS /users/uploadimg 200 1ms 0b
别问，问就验证没通过
result=================================>funck false
  <-- POST /users/uploadimg
  --> POST /users/uploadimg 200 20ms 56b
---------------------连接池连接数:------------------- 0
  <-- OPTIONS /login
OPTIONS /login - 0ms
  --> OPTIONS /login 200 12ms 0b
  <-- POST /login
result1 [
  RowDataPacket {
    id: 7,
    user_id: '0192e830-1bbb-11e9-b9c9-cdaf3c9a2410',
    portrait: '/users/0192e830-1bbb-11e9-b9c9-cdaf3c9a2410/portraits/0.09973871801953105.jpg',
    job: 'CSGO职业哥',
    introduction: 'A',
    blog_url: ''
  }
]
  --> POST /login 200 144ms 668b
  <-- OPTIONS /verifyToken
OPTIONS /verifyToken - 0ms
  --> OPTIONS /verifyToken 200 3ms 0b
  <-- POST /verifyToken
ok
result-------------- {
  username: '1',
  nickname: '柯涵',
  userId: '0192e830-1bbb-11e9-b9c9-cdaf3c9a2410',
  iat: 1588816108,
  exp: 1588988908,
  iss: 'YOUJUN'
}
  --> POST /verifyToken 200 9ms 26b
别问，问就验证没通过
result=================================>funck false
  <-- OPTIONS /users/uploadimg
OPTIONS /users/uploadimg - 0ms
  --> OPTIONS /users/uploadimg 200 1ms 0b
ok
result=================================>funck {
  username: '1',
  nickname: '柯涵',
  userId: '0192e830-1bbb-11e9-b9c9-cdaf3c9a2410',
  iat: 1588816108,
  exp: 1588988908,
  iss: 'YOUJUN'
}
  <-- POST /users/uploadimg
ctx.request.body ReadStream {
  _readableState: ReadableState {
    objectMode: false,
    highWaterMark: 65536,
    buffer: BufferList { head: null, tail: null, length: 0 },
    length: 0,
    pipes: null,
    pipesCount: 0,
    flowing: null,
    ended: false,
    endEmitted: false,
    reading: false,
    sync: true,
    needReadable: false,
    emittedReadable: false,
    readableListening: false,
    resumeScheduled: false,
    paused: true,
    emitClose: false,
    autoDestroy: false,
    destroyed: false,
    defaultEncoding: 'utf8',
    awaitDrain: 0,
    readingMore: false,
    decoder: null,
    encoding: null
  },
  readable: true,
  _events: [Object: null prototype] { end: [Function] },
  _eventsCount: 1,
  _maxListeners: undefined,
  path: 'F:\\ycsoft_koa_new\\database\\dd45a7a0-9004-11ea-89ff-3900003adf84blob',
  fd: null,
  flags: 'r',
  mode: 438,
  start: undefined,
  end: Infinity,
  autoClose: true,
  pos: undefined,
  bytesRead: 0,
  closed: false,
  fieldname: 'file',
  filename: 'blob',
  encoding: '7bit',
  mimetype: 'image/jpg'
}
  --> POST /users/uploadimg 200 45ms 56b
---------------------连接池连接数:------------------- 0
别问，问就验证没通过
result=================================>funck false
  <-- OPTIONS /users/uploadimg
OPTIONS /users/uploadimg - 0ms
  --> OPTIONS /users/uploadimg 200 15ms 0b
ok
result=================================>funck {
  username: '1',
  nickname: '柯涵',
  userId: '0192e830-1bbb-11e9-b9c9-cdaf3c9a2410',
  iat: 1588816108,
  exp: 1588988908,
  iss: 'YOUJUN'
}
  <-- POST /users/uploadimg
ctx.request.body ReadStream {
  _readableState: ReadableState {
    objectMode: false,
    highWaterMark: 65536,
    buffer: BufferList { head: null, tail: null, length: 0 },
    length: 0,
    pipes: null,
    pipesCount: 0,
    flowing: null,
    ended: false,
    endEmitted: false,
    reading: false,
    sync: true,
    needReadable: false,
    emittedReadable: false,
    readableListening: false,
    resumeScheduled: false,
    paused: true,
    emitClose: false,
    autoDestroy: false,
    destroyed: false,
    defaultEncoding: 'utf8',
    awaitDrain: 0,
    readingMore: false,
    decoder: null,
    encoding: null
  },
  readable: true,
  _events: [Object: null prototype] { end: [Function] },
  _eventsCount: 1,
  _maxListeners: undefined,
  path: 'F:\\ycsoft_koa_new\\database\\f5c133d0-9004-11ea-a3cc-37466e6fd75dblob',
  fd: null,
  flags: 'r',
  mode: 438,
  start: undefined,
  end: Infinity,
  autoClose: true,
  pos: undefined,
  bytesRead: 0,
  closed: false,
  fieldname: 'file',
  filename: 'blob',
  encoding: '7bit',
  mimetype: 'image/jpg'
}
readStream ReadStream {
  _readableState: ReadableState {
    objectMode: false,
    highWaterMark: 65536,
    buffer: BufferList { head: null, tail: null, length: 0 },
    length: 0,
    pipes: null,
    pipesCount: 0,
    flowing: null,
    ended: false,
    endEmitted: false,
    reading: false,
    sync: true,
    needReadable: false,
    emittedReadable: false,
    readableListening: false,
    resumeScheduled: false,
    paused: true,
    emitClose: false,
    autoDestroy: false,
    destroyed: false,
    defaultEncoding: 'utf8',
    awaitDrain: 0,
    readingMore: false,
    decoder: null,
    encoding: null
  },
  readable: true,
  _events: [Object: null prototype] { end: [Function] },
  _eventsCount: 1,
  _maxListeners: undefined,
  path: 'F:\\ycsoft_koa_new\\database\\f5c133d0-9004-11ea-a3cc-37466e6fd75dblob',
  fd: null,
  flags: 'r',
  mode: 438,
  start: undefined,
  end: Infinity,
  autoClose: true,
  pos: undefined,
  bytesRead: 0,
  closed: false
}
  --> POST /users/uploadimg 200 47ms 40b
---------------------连接池连接数:------------------- 0
---------------------连接池连接数:------------------- 0
别问，问就验证没通过
result=================================>funck false
  <-- OPTIONS /users/uploadimg
OPTIONS /users/uploadimg - 0ms
  --> OPTIONS /users/uploadimg 200 17ms 0b
ok
result=================================>funck {
  username: '1',
  nickname: '柯涵',
  userId: '0192e830-1bbb-11e9-b9c9-cdaf3c9a2410',
  iat: 1588816108,
  exp: 1588988908,
  iss: 'YOUJUN'
}
  <-- POST /users/uploadimg
ctx.request.body ReadStream {
  _readableState: ReadableState {
    objectMode: false,
    highWaterMark: 65536,
    buffer: BufferList { head: null, tail: null, length: 0 },
    length: 0,
    pipes: null,
    pipesCount: 0,
    flowing: null,
    ended: false,
    endEmitted: false,
    reading: false,
    sync: true,
    needReadable: false,
    emittedReadable: false,
    readableListening: false,
    resumeScheduled: false,
    paused: true,
    emitClose: false,
    autoDestroy: false,
    destroyed: false,
    defaultEncoding: 'utf8',
    awaitDrain: 0,
    readingMore: false,
    decoder: null,
    encoding: null
  },
  readable: true,
  _events: [Object: null prototype] { end: [Function] },
  _eventsCount: 1,
  _maxListeners: undefined,
  path: 'F:\\ycsoft_koa_new\\database\\1a2303c0-9005-11ea-95d3-eff726faf14bblob',
  fd: null,
  flags: 'r',
  mode: 438,
  start: undefined,
  end: Infinity,
  autoClose: true,
  pos: undefined,
  bytesRead: 0,
  closed: false,
  fieldname: 'file',
  filename: 'blob',
  encoding: '7bit',
  mimetype: 'image/jpg'
}
readStream ReadStream {
  _readableState: ReadableState {
    objectMode: false,
    highWaterMark: 65536,
    buffer: BufferList { head: null, tail: null, length: 0 },
    length: 0,
    pipes: null,
    pipesCount: 0,
    flowing: null,
    ended: false,
    endEmitted: false,
    reading: false,
    sync: true,
    needReadable: false,
    emittedReadable: false,
    readableListening: false,
    resumeScheduled: false,
    paused: true,
    emitClose: false,
    autoDestroy: false,
    destroyed: false,
    defaultEncoding: 'utf8',
    awaitDrain: 0,
    readingMore: false,
    decoder: null,
    encoding: null
  },
  readable: true,
  _events: [Object: null prototype] { end: [Function] },
  _eventsCount: 1,
  _maxListeners: undefined,
  path: 'F:\\ycsoft_koa_new\\database\\1a2303c0-9005-11ea-95d3-eff726faf14bblob',
  fd: null,
  flags: 'r',
  mode: 438,
  start: undefined,
  end: Infinity,
  autoClose: true,
  pos: undefined,
  bytesRead: 0,
  closed: false
}
  --> POST /users/uploadimg 200 68ms 40b
---------------------连接池连接数:------------------- 0
---------------------连接池连接数:------------------- 0
别问，问就验证没通过
result=================================>funck false
  <-- OPTIONS /users/uploadimg
OPTIONS /users/uploadimg - 0ms
  --> OPTIONS /users/uploadimg 200 10ms 0b
ok
result=================================>funck {
  username: '1',
  nickname: '柯涵',
  userId: '0192e830-1bbb-11e9-b9c9-cdaf3c9a2410',
  iat: 1588816108,
  exp: 1588988908,
  iss: 'YOUJUN'
}
  <-- POST /users/uploadimg
headers {
  host: 'localhost:3000',
  'user-agent': 'Mozilla/5.0 (Windows NT 6.1; Win64; x64; rv:74.0) Gecko/20100101 Firefox/74.0',
  accept: '*/*',
  'accept-language': 'zh-CN,zh;q=0.8,zh-TW;q=0.7,zh-HK;q=0.5,en-US;q=0.3,en;q=0.2',
  'accept-encoding': 'gzip, deflate',
  accesstoken: 'eyJhbGciOiJIUzI1NiIsInR5cCI6IkpXVCJ9.eyJ1c2VybmFtZSI6IjEiLCJuaWNrbmFtZSI6Iuafr-a2tSIsInVzZXJJZCI6IjAxOTJlODMwLTFiYmItMTFlOS1iOWM5LWNkYWYzYzlhMjQxMCIsImlhdCI6MTU4ODgxNjEwOCwiZXhwIjoxNTg4OTg4OTA4LCJpc3MiOiJZT1VKVU4ifQ.QgrmVBFG4MHfHZRQAdvkb5ThkH6yPnmP7yfmysWVjNY',
  'content-type': 'multipart/form-data; boundary=---------------------------1894641732873098873345752069',
  'content-length': '60911',
  origin: 'http://localhost:8080',
  connection: 'keep-alive',
  referer: 'http://localhost:8080/setting'
}
ctx.request.body ReadStream {
  _readableState: ReadableState {
    objectMode: false,
    highWaterMark: 65536,
    buffer: BufferList { head: null, tail: null, length: 0 },
    length: 0,
    pipes: null,
    pipesCount: 0,
    flowing: null,
    ended: false,
    endEmitted: false,
    reading: false,
    sync: true,
    needReadable: false,
    emittedReadable: false,
    readableListening: false,
    resumeScheduled: false,
    paused: true,
    emitClose: false,
    autoDestroy: false,
    destroyed: false,
    defaultEncoding: 'utf8',
    awaitDrain: 0,
    readingMore: false,
    decoder: null,
    encoding: null
  },
  readable: true,
  _events: [Object: null prototype] { end: [Function] },
  _eventsCount: 1,
  _maxListeners: undefined,
  path: 'F:\\ycsoft_koa_new\\database\\ec91b630-9005-11ea-99bf-f187b92befd3blob',
  fd: null,
  flags: 'r',
  mode: 438,
  start: undefined,
  end: Infinity,
  autoClose: true,
  pos: undefined,
  bytesRead: 0,
  closed: false,
  fieldname: 'file',
  filename: 'blob',
  encoding: '7bit',
  mimetype: 'image/jpg'
}
readStream ReadStream {
  _readableState: ReadableState {
    objectMode: false,
    highWaterMark: 65536,
    buffer: BufferList { head: null, tail: null, length: 0 },
    length: 0,
    pipes: null,
    pipesCount: 0,
    flowing: null,
    ended: false,
    endEmitted: false,
    reading: false,
    sync: true,
    needReadable: false,
    emittedReadable: false,
    readableListening: false,
    resumeScheduled: false,
    paused: true,
    emitClose: false,
    autoDestroy: false,
    destroyed: false,
    defaultEncoding: 'utf8',
    awaitDrain: 0,
    readingMore: false,
    decoder: null,
    encoding: null
  },
  readable: true,
  _events: [Object: null prototype] { end: [Function] },
  _eventsCount: 1,
  _maxListeners: undefined,
  path: 'F:\\ycsoft_koa_new\\database\\ec91b630-9005-11ea-99bf-f187b92befd3blob',
  fd: null,
  flags: 'r',
  mode: 438,
  start: undefined,
  end: Infinity,
  autoClose: true,
  pos: undefined,
  bytesRead: 0,
  closed: false
}
  --> POST /users/uploadimg 200 23ms 40b
---------------------连接池连接数:------------------- 0
---------------------连接池连接数:------------------- 0
---------------------连接池连接数:------------------- 0
---------------------连接池连接数:------------------- 0
---------------------连接池连接数:------------------- 0
---------------------连接池连接数:------------------- 0
---------------------连接池连接数:------------------- 0
---------------------连接池连接数:------------------- 0
  <-- OPTIONS /verifyToken
OPTIONS /verifyToken - 0ms
  --> OPTIONS /verifyToken 200 17ms 0b
  <-- POST /verifyToken
ok
result-------------- {
  username: '1',
  nickname: '柯涵',
  userId: '0192e830-1bbb-11e9-b9c9-cdaf3c9a2410',
  iat: 1588816108,
  exp: 1588988908,
  iss: 'YOUJUN'
}
  --> POST /verifyToken 200 17ms 26b
别问，问就验证没通过
result=================================>funck false
  <-- OPTIONS /community/getArticleInfo
OPTIONS /community/getArticleInfo - 0ms
  --> OPTIONS /community/getArticleInfo 200 2ms 0b
ok
result=================================>funck {
  username: '1',
  nickname: '柯涵',
  userId: '0192e830-1bbb-11e9-b9c9-cdaf3c9a2410',
  iat: 1588816108,
  exp: 1588988908,
  iss: 'YOUJUN'
}
  <-- POST /community/getArticleInfo
别问，问就验证没通过
result=================================>funck false
  <-- OPTIONS /community/getTopicList
OPTIONS /community/getTopicList - 0ms
  --> OPTIONS /community/getTopicList 200 1ms 0b
别问，问就验证没通过
result=================================>funck false
  <-- OPTIONS /community/getComment
OPTIONS /community/getComment - 0ms
  --> OPTIONS /community/getComment 200 4ms 0b
ok
result=================================>funck {
  username: '1',
  nickname: '柯涵',
  userId: '0192e830-1bbb-11e9-b9c9-cdaf3c9a2410',
  iat: 1588816108,
  exp: 1588988908,
  iss: 'YOUJUN'
}
  <-- POST /community/getTopicList
ok
result=================================>funck {
  username: '1',
  nickname: '柯涵',
  userId: '0192e830-1bbb-11e9-b9c9-cdaf3c9a2410',
  iat: 1588816108,
  exp: 1588988908,
  iss: 'YOUJUN'
}
  <-- POST /community/getComment
  --> POST /community/getArticleInfo 200 299ms 411b
  --> POST /community/getTopicList 200 193ms 532b
  --> POST /community/getComment 200 190ms 1.44kb
  <-- POST /verifyToken
ok
result-------------- {
  username: '1',
  nickname: '柯涵',
  userId: '0192e830-1bbb-11e9-b9c9-cdaf3c9a2410',
  iat: 1588816108,
  exp: 1588988908,
  iss: 'YOUJUN'
}
  --> POST /verifyToken 200 2ms 26b
别问，问就验证没通过
result=================================>funck false
  <-- OPTIONS /users/uploadimg
OPTIONS /users/uploadimg - 0ms
  --> OPTIONS /users/uploadimg 200 1ms 0b
ok
result=================================>funck {
  username: '1',
  nickname: '柯涵',
  userId: '0192e830-1bbb-11e9-b9c9-cdaf3c9a2410',
  iat: 1588816108,
  exp: 1588988908,
  iss: 'YOUJUN'
}
  <-- POST /users/uploadimg
headers {
  host: 'localhost:3000',
  'user-agent': 'Mozilla/5.0 (Windows NT 6.1; Win64; x64; rv:74.0) Gecko/20100101 Firefox/74.0',
  accept: '*/*',
  'accept-language': 'zh-CN,zh;q=0.8,zh-TW;q=0.7,zh-HK;q=0.5,en-US;q=0.3,en;q=0.2',
  'accept-encoding': 'gzip, deflate',
  accesstoken: 'eyJhbGciOiJIUzI1NiIsInR5cCI6IkpXVCJ9.eyJ1c2VybmFtZSI6IjEiLCJuaWNrbmFtZSI6Iuafr-a2tSIsInVzZXJJZCI6IjAxOTJlODMwLTFiYmItMTFlOS1iOWM5LWNkYWYzYzlhMjQxMCIsImlhdCI6MTU4ODgxNjEwOCwiZXhwIjoxNTg4OTg4OTA4LCJpc3MiOiJZT1VKVU4ifQ.QgrmVBFG4MHfHZRQAdvkb5ThkH6yPnmP7yfmysWVjNY',
  'content-type': 'multipart/form-data; boundary=---------------------------444338180734079883968368254',
  'content-length': '60909',
  origin: 'http://localhost:8080',
  connection: 'keep-alive',
  referer: 'http://localhost:8080/setting'
}
ctx.request.body ReadStream {
  _readableState: ReadableState {
    objectMode: false,
    highWaterMark: 65536,
    buffer: BufferList { head: null, tail: null, length: 0 },
    length: 0,
    pipes: null,
    pipesCount: 0,
    flowing: null,
    ended: false,
    endEmitted: false,
    reading: false,
    sync: true,
    needReadable: false,
    emittedReadable: false,
    readableListening: false,
    resumeScheduled: false,
    paused: true,
    emitClose: false,
    autoDestroy: false,
    destroyed: false,
    defaultEncoding: 'utf8',
    awaitDrain: 0,
    readingMore: false,
    decoder: null,
    encoding: null
  },
  readable: true,
  _events: [Object: null prototype] { end: [Function] },
  _eventsCount: 1,
  _maxListeners: undefined,
  path: 'F:\\ycsoft_koa_new\\database\\7cbcd370-9029-11ea-9fbd-551a3c6990e4blob',
  fd: null,
  flags: 'r',
  mode: 438,
  start: undefined,
  end: Infinity,
  autoClose: true,
  pos: undefined,
  bytesRead: 0,
  closed: false,
  fieldname: 'file',
  filename: 'blob',
  encoding: '7bit',
  mimetype: 'image/jpg'
}
readStream ReadStream {
  _readableState: ReadableState {
    objectMode: false,
    highWaterMark: 65536,
    buffer: BufferList { head: null, tail: null, length: 0 },
    length: 0,
    pipes: null,
    pipesCount: 0,
    flowing: null,
    ended: false,
    endEmitted: false,
    reading: false,
    sync: true,
    needReadable: false,
    emittedReadable: false,
    readableListening: false,
    resumeScheduled: false,
    paused: true,
    emitClose: false,
    autoDestroy: false,
    destroyed: false,
    defaultEncoding: 'utf8',
    awaitDrain: 0,
    readingMore: false,
    decoder: null,
    encoding: null
  },
  readable: true,
  _events: [Object: null prototype] { end: [Function] },
  _eventsCount: 1,
  _maxListeners: undefined,
  path: 'F:\\ycsoft_koa_new\\database\\7cbcd370-9029-11ea-9fbd-551a3c6990e4blob',
  fd: null,
  flags: 'r',
  mode: 438,
  start: undefined,
  end: Infinity,
  autoClose: true,
  pos: undefined,
  bytesRead: 0,
  closed: false
}
next undefined
  --> POST /users/uploadimg 200 66ms 40b
---------------------连接池连接数:------------------- 0
---------------------连接池连接数:------------------- 0
别问，问就验证没通过
result=================================>funck false
  <-- OPTIONS /users/uploadimg
OPTIONS /users/uploadimg - 0ms
  --> OPTIONS /users/uploadimg 200 8ms 0b
ok
result=================================>funck {
  username: '1',
  nickname: '柯涵',
  userId: '0192e830-1bbb-11e9-b9c9-cdaf3c9a2410',
  iat: 1588816108,
  exp: 1588988908,
  iss: 'YOUJUN'
}
  <-- POST /users/uploadimg
  --> POST /users/uploadimg 200 16ms 56b
---------------------连接池连接数:------------------- 0
---------------------连接池连接数:------------------- 0
---------------------连接池连接数:------------------- 0
---------------------连接池连接数:------------------- 0
---------------------连接池连接数:------------------- 0
---------------------连接池连接数:------------------- 0
---------------------连接池连接数:------------------- 0
---------------------连接池连接数:------------------- 0
---------------------连接池连接数:------------------- 0
---------------------连接池连接数:------------------- 0
---------------------连接池连接数:------------------- 0
---------------------连接池连接数:------------------- 0
  <-- OPTIONS /getDocNavigation
OPTIONS /getDocNavigation - 0ms
  --> OPTIONS /getDocNavigation 200 12ms 0b
  <-- POST /getDocNavigation
  <-- OPTIONS /guide/35221d30-334c-11e9-9e17-cb221046b10c
OPTIONS /guide/35221d30-334c-11e9-9e17-cb221046b10c - 1ms
  --> OPTIONS /guide/35221d30-334c-11e9-9e17-cb221046b10c 200 3ms 0b
  <-- GET /guide/35221d30-334c-11e9-9e17-cb221046b10c
hello
POST /getDocNavigation - 0ms
  --> POST /getDocNavigation 200 109ms 503b
  --> GET /guide/35221d30-334c-11e9-9e17-cb221046b10c 200 45ms 9.31kb
  <-- OPTIONS /verifyToken
OPTIONS /verifyToken - 0ms
  --> OPTIONS /verifyToken 200 1ms 0b
  <-- POST /verifyToken
ok
result-------------- {
  username: '1',
  nickname: '柯涵',
  userId: '0192e830-1bbb-11e9-b9c9-cdaf3c9a2410',
  iat: 1588816108,
  exp: 1588988908,
  iss: 'YOUJUN'
}
  --> POST /verifyToken 200 14ms 26b
别问，问就验证没通过
result=================================>funck false
  <-- OPTIONS /community/getHotList
OPTIONS /community/getHotList - 0ms
  --> OPTIONS /community/getHotList 200 2ms 0b
ok
result=================================>funck {
  username: '1',
  nickname: '柯涵',
  userId: '0192e830-1bbb-11e9-b9c9-cdaf3c9a2410',
  iat: 1588816108,
  exp: 1588988908,
  iss: 'YOUJUN'
}
  <-- POST /community/getHotList
  --> POST /community/getHotList 200 6ms 217b
别问，问就验证没通过
result=================================>funck false
  <-- OPTIONS /community/getArticleList
OPTIONS /community/getArticleList - 0ms
  --> OPTIONS /community/getArticleList 200 3ms 0b
ok
result=================================>funck {
  username: '1',
  nickname: '柯涵',
  userId: '0192e830-1bbb-11e9-b9c9-cdaf3c9a2410',
  iat: 1588816108,
  exp: 1588988908,
  iss: 'YOUJUN'
}
  <-- POST /community/getArticleList
body { postIndex: 1, topic: '' }
searchTopic ==> 
别问，问就验证没通过
result=================================>funck false
  <-- OPTIONS /community/getTopicList
OPTIONS /community/getTopicList - 0ms
  --> OPTIONS /community/getTopicList 200 4ms 0b
ok
result=================================>funck {
  username: '1',
  nickname: '柯涵',
  userId: '0192e830-1bbb-11e9-b9c9-cdaf3c9a2410',
  iat: 1588816108,
  exp: 1588988908,
  iss: 'YOUJUN'
}
  <-- POST /community/getTopicList
  --> POST /community/getTopicList 200 16ms 531b
arr === > [
  'e3638f40-31c2-11e9-81e8-8905fedabf1e',
  '180f2930-46c1-11e9-b5a4-db5a96966b9e'
]
  --> POST /community/getArticleList 200 54ms 2.08kb
---------------------连接池连接数:------------------- 0
---------------------连接池连接数:------------------- 0
---------------------连接池连接数:------------------- 0
